{"/Users/somya/somu/git-banner/GIT_BANNER_V2/src/App.tsx": {"path":"/Users/somya/somu/git-banner/GIT_BANNER_V2/src/App.tsx","statementMap":{"0":{"start":{"line":9,"column":2},"end":{"line":14,"column":null}}},"fnMap":{"0":{"name":"App","decl":{"start":{"line":8,"column":9},"end":{"line":8,"column":15}},"loc":{"start":{"line":8,"column":15},"end":{"line":16,"column":null}},"line":8}},"branchMap":{},"s":{"0":0},"f":{"0":0},"b":{},"meta":{"lastBranch":0,"lastFunction":1,"lastStatement":1,"seen":{"f:8:9:8:15":0,"s:9:2:14:Infinity":0}}}
,"/Users/somya/somu/git-banner/GIT_BANNER_V2/src/api/banner.ts": {"path":"/Users/somya/somu/git-banner/GIT_BANNER_V2/src/api/banner.ts","statementMap":{"0":{"start":{"line":3,"column":6},"end":{"line":6,"column":null}},"1":{"start":{"line":26,"column":4},"end":{"line":26,"column":null}},"2":{"start":{"line":27,"column":4},"end":{"line":27,"column":null}},"3":{"start":{"line":28,"column":4},"end":{"line":28,"column":null}},"4":{"start":{"line":40,"column":44},"end":{"line":40,"column":null}},"5":{"start":{"line":41,"column":14},"end":{"line":41,"column":null}},"6":{"start":{"line":42,"column":2},"end":{"line":42,"column":null}},"7":{"start":{"line":43,"column":2},"end":{"line":43,"column":null}},"8":{"start":{"line":44,"column":2},"end":{"line":44,"column":null}},"9":{"start":{"line":45,"column":2},"end":{"line":45,"column":null}},"10":{"start":{"line":61,"column":2},"end":{"line":83,"column":null}},"11":{"start":{"line":62,"column":16},"end":{"line":67,"column":null}},"12":{"start":{"line":69,"column":4},"end":{"line":69,"column":null}},"13":{"start":{"line":71,"column":4},"end":{"line":71,"column":null}},"14":{"start":{"line":73,"column":4},"end":{"line":73,"column":null}},"15":{"start":{"line":73,"column":29},"end":{"line":73,"column":null}},"16":{"start":{"line":74,"column":4},"end":{"line":81,"column":null}},"17":{"start":{"line":75,"column":21},"end":{"line":75,"column":null}},"18":{"start":{"line":76,"column":6},"end":{"line":76,"column":null}},"19":{"start":{"line":76,"column":26},"end":{"line":76,"column":null}},"20":{"start":{"line":77,"column":6},"end":{"line":77,"column":null}},"21":{"start":{"line":77,"column":26},"end":{"line":77,"column":null}},"22":{"start":{"line":78,"column":6},"end":{"line":78,"column":null}},"23":{"start":{"line":78,"column":26},"end":{"line":78,"column":null}},"24":{"start":{"line":79,"column":6},"end":{"line":79,"column":null}},"25":{"start":{"line":79,"column":26},"end":{"line":79,"column":null}},"26":{"start":{"line":80,"column":6},"end":{"line":80,"column":null}},"27":{"start":{"line":80,"column":25},"end":{"line":80,"column":null}},"28":{"start":{"line":82,"column":4},"end":{"line":82,"column":null}},"29":{"start":{"line":95,"column":14},"end":{"line":98,"column":null}},"30":{"start":{"line":99,"column":2},"end":{"line":99,"column":null}}},"fnMap":{"0":{"name":"(anonymous_0)","decl":{"start":{"line":25,"column":2},"end":{"line":25,"column":14}},"loc":{"start":{"line":25,"column":47},"end":{"line":29,"column":null}},"line":25},"1":{"name":"getBannerUrl","decl":{"start":{"line":39,"column":16},"end":{"line":39,"column":29}},"loc":{"start":{"line":39,"column":59},"end":{"line":46,"column":null}},"line":39},"2":{"name":"validateUsername","decl":{"start":{"line":57,"column":22},"end":{"line":57,"column":null}},"loc":{"start":{"line":60,"column":26},"end":{"line":84,"column":null}},"line":60},"3":{"name":"fetchBannerBlob","decl":{"start":{"line":91,"column":22},"end":{"line":91,"column":null}},"loc":{"start":{"line":94,"column":17},"end":{"line":100,"column":null}},"line":94}},"branchMap":{"0":{"loc":{"start":{"line":4,"column":3},"end":{"line":5,"column":null}},"type":"binary-expr","locations":[{"start":{"line":4,"column":3},"end":{"line":4,"column":null}},{"start":{"line":5,"column":2},"end":{"line":5,"column":null}}],"line":4},"1":{"loc":{"start":{"line":73,"column":4},"end":{"line":73,"column":null}},"type":"if","locations":[{"start":{"line":73,"column":4},"end":{"line":73,"column":null}},{"start":{},"end":{}}],"line":73},"2":{"loc":{"start":{"line":74,"column":4},"end":{"line":81,"column":null}},"type":"if","locations":[{"start":{"line":74,"column":4},"end":{"line":81,"column":null}},{"start":{},"end":{}}],"line":74},"3":{"loc":{"start":{"line":76,"column":6},"end":{"line":76,"column":null}},"type":"if","locations":[{"start":{"line":76,"column":6},"end":{"line":76,"column":null}},{"start":{},"end":{}}],"line":76},"4":{"loc":{"start":{"line":77,"column":6},"end":{"line":77,"column":null}},"type":"if","locations":[{"start":{"line":77,"column":6},"end":{"line":77,"column":null}},{"start":{},"end":{}}],"line":77},"5":{"loc":{"start":{"line":78,"column":6},"end":{"line":78,"column":null}},"type":"if","locations":[{"start":{"line":78,"column":6},"end":{"line":78,"column":null}},{"start":{},"end":{}}],"line":78},"6":{"loc":{"start":{"line":79,"column":6},"end":{"line":79,"column":null}},"type":"if","locations":[{"start":{"line":79,"column":6},"end":{"line":79,"column":null}},{"start":{},"end":{}}],"line":79},"7":{"loc":{"start":{"line":80,"column":6},"end":{"line":80,"column":null}},"type":"if","locations":[{"start":{"line":80,"column":6},"end":{"line":80,"column":null}},{"start":{},"end":{}}],"line":80}},"s":{"0":3,"1":4,"2":4,"3":4,"4":25,"5":25,"6":25,"7":25,"8":25,"9":25,"10":9,"11":9,"12":9,"13":2,"14":7,"15":1,"16":6,"17":6,"18":6,"19":1,"20":5,"21":5,"22":4,"23":4,"24":3,"25":3,"26":2,"27":2,"28":1,"29":3,"30":3},"f":{"0":4,"1":25,"2":9,"3":3},"b":{"0":[3,3],"1":[1,6],"2":[6,0],"3":[1,5],"4":[1,4],"5":[1,3],"6":[1,2],"7":[1,1]},"meta":{"lastBranch":8,"lastFunction":4,"lastStatement":31,"seen":{"s:3:6:6:Infinity":0,"b:4:3:4:Infinity:5:2:5:Infinity":0,"f:25:2:25:14":0,"s:26:4:26:Infinity":1,"s:27:4:27:Infinity":2,"s:28:4:28:Infinity":3,"f:39:16:39:29":1,"s:40:44:40:Infinity":4,"s:41:14:41:Infinity":5,"s:42:2:42:Infinity":6,"s:43:2:43:Infinity":7,"s:44:2:44:Infinity":8,"s:45:2:45:Infinity":9,"f:57:22:57:Infinity":2,"s:61:2:83:Infinity":10,"s:62:16:67:Infinity":11,"s:69:4:69:Infinity":12,"s:71:4:71:Infinity":13,"b:73:4:73:Infinity:undefined:undefined:undefined:undefined":1,"s:73:4:73:Infinity":14,"s:73:29:73:Infinity":15,"b:74:4:81:Infinity:undefined:undefined:undefined:undefined":2,"s:74:4:81:Infinity":16,"s:75:21:75:Infinity":17,"b:76:6:76:Infinity:undefined:undefined:undefined:undefined":3,"s:76:6:76:Infinity":18,"s:76:26:76:Infinity":19,"b:77:6:77:Infinity:undefined:undefined:undefined:undefined":4,"s:77:6:77:Infinity":20,"s:77:26:77:Infinity":21,"b:78:6:78:Infinity:undefined:undefined:undefined:undefined":5,"s:78:6:78:Infinity":22,"s:78:26:78:Infinity":23,"b:79:6:79:Infinity:undefined:undefined:undefined:undefined":6,"s:79:6:79:Infinity":24,"s:79:26:79:Infinity":25,"b:80:6:80:Infinity:undefined:undefined:undefined:undefined":7,"s:80:6:80:Infinity":26,"s:80:25:80:Infinity":27,"s:82:4:82:Infinity":28,"f:91:22:91:Infinity":3,"s:95:14:98:Infinity":29,"s:99:2:99:Infinity":30}}}
,"/Users/somya/somu/git-banner/GIT_BANNER_V2/src/appComponents/AppDashboard.tsx": {"path":"/Users/somya/somu/git-banner/GIT_BANNER_V2/src/appComponents/AppDashboard.tsx","statementMap":{"0":{"start":{"line":51,"column":26},"end":{"line":51,"column":null}},"1":{"start":{"line":52,"column":38},"end":{"line":52,"column":null}},"2":{"start":{"line":53,"column":32},"end":{"line":53,"column":null}},"3":{"start":{"line":54,"column":26},"end":{"line":54,"column":null}},"4":{"start":{"line":55,"column":8},"end":{"line":55,"column":null}},"5":{"start":{"line":58,"column":2},"end":{"line":83,"column":null}},"6":{"start":{"line":59,"column":4},"end":{"line":65,"column":null}},"7":{"start":{"line":60,"column":6},"end":{"line":60,"column":null}},"8":{"start":{"line":61,"column":6},"end":{"line":61,"column":null}},"9":{"start":{"line":62,"column":6},"end":{"line":62,"column":null}},"10":{"start":{"line":63,"column":6},"end":{"line":63,"column":null}},"11":{"start":{"line":64,"column":6},"end":{"line":64,"column":null}},"12":{"start":{"line":67,"column":4},"end":{"line":67,"column":null}},"13":{"start":{"line":68,"column":4},"end":{"line":68,"column":null}},"14":{"start":{"line":70,"column":23},"end":{"line":70,"column":null}},"15":{"start":{"line":72,"column":4},"end":{"line":80,"column":null}},"16":{"start":{"line":77,"column":21},"end":{"line":77,"column":40}},"17":{"start":{"line":79,"column":8},"end":{"line":79,"column":null}},"18":{"start":{"line":79,"column":34},"end":{"line":79,"column":null}},"19":{"start":{"line":82,"column":4},"end":{"line":82,"column":null}},"20":{"start":{"line":82,"column":17},"end":{"line":82,"column":null}},"21":{"start":{"line":86,"column":2},"end":{"line":117,"column":null}},"22":{"start":{"line":87,"column":4},"end":{"line":87,"column":null}},"23":{"start":{"line":87,"column":17},"end":{"line":87,"column":null}},"24":{"start":{"line":89,"column":25},"end":{"line":89,"column":null}},"25":{"start":{"line":90,"column":14},"end":{"line":90,"column":null}},"26":{"start":{"line":92,"column":4},"end":{"line":103,"column":null}},"27":{"start":{"line":93,"column":6},"end":{"line":101,"column":null}},"28":{"start":{"line":94,"column":8},"end":{"line":98,"column":null}},"29":{"start":{"line":99,"column":6},"end":{"line":101,"column":null}},"30":{"start":{"line":100,"column":8},"end":{"line":100,"column":null}},"31":{"start":{"line":105,"column":4},"end":{"line":105,"column":null}},"32":{"start":{"line":108,"column":4},"end":{"line":110,"column":null}},"33":{"start":{"line":109,"column":6},"end":{"line":109,"column":null}},"34":{"start":{"line":111,"column":19},"end":{"line":113,"column":null}},"35":{"start":{"line":114,"column":4},"end":{"line":114,"column":null}},"36":{"start":{"line":115,"column":4},"end":{"line":115,"column":null}},"37":{"start":{"line":116,"column":4},"end":{"line":116,"column":null}},"38":{"start":{"line":120,"column":2},"end":{"line":126,"column":null}},"39":{"start":{"line":121,"column":4},"end":{"line":125,"column":null}},"40":{"start":{"line":122,"column":6},"end":{"line":124,"column":null}},"41":{"start":{"line":123,"column":8},"end":{"line":123,"column":null}},"42":{"start":{"line":128,"column":2},"end":{"line":128,"column":null}},"43":{"start":{"line":139,"column":22},"end":{"line":238,"column":null}},"44":{"start":{"line":144,"column":24},"end":{"line":144,"column":null}},"45":{"start":{"line":145,"column":8},"end":{"line":145,"column":null}},"46":{"start":{"line":146,"column":19},"end":{"line":146,"column":null}},"47":{"start":{"line":147,"column":40},"end":{"line":147,"column":null}},"48":{"start":{"line":149,"column":8},"end":{"line":190,"column":null}},"49":{"start":{"line":150,"column":4},"end":{"line":150,"column":null}},"50":{"start":{"line":150,"column":51},"end":{"line":150,"column":null}},"51":{"start":{"line":152,"column":4},"end":{"line":152,"column":null}},"52":{"start":{"line":154,"column":20},"end":{"line":154,"column":null}},"53":{"start":{"line":155,"column":19},"end":{"line":155,"column":null}},"54":{"start":{"line":156,"column":16},"end":{"line":156,"column":null}},"55":{"start":{"line":158,"column":4},"end":{"line":182,"column":null}},"56":{"start":{"line":159,"column":21},"end":{"line":159,"column":null}},"57":{"start":{"line":160,"column":6},"end":{"line":160,"column":null}},"58":{"start":{"line":161,"column":6},"end":{"line":161,"column":null}},"59":{"start":{"line":162,"column":18},"end":{"line":162,"column":null}},"60":{"start":{"line":163,"column":6},"end":{"line":167,"column":null}},"61":{"start":{"line":164,"column":8},"end":{"line":164,"column":null}},"62":{"start":{"line":165,"column":8},"end":{"line":165,"column":null}},"63":{"start":{"line":166,"column":8},"end":{"line":166,"column":null}},"64":{"start":{"line":168,"column":6},"end":{"line":168,"column":null}},"65":{"start":{"line":169,"column":6},"end":{"line":169,"column":null}},"66":{"start":{"line":171,"column":6},"end":{"line":181,"column":null}},"67":{"start":{"line":172,"column":8},"end":{"line":179,"column":null}},"68":{"start":{"line":173,"column":22},"end":{"line":173,"column":null}},"69":{"start":{"line":174,"column":20},"end":{"line":174,"column":null}},"70":{"start":{"line":175,"column":10},"end":{"line":175,"column":null}},"71":{"start":{"line":176,"column":10},"end":{"line":176,"column":null}},"72":{"start":{"line":177,"column":10},"end":{"line":177,"column":null}},"73":{"start":{"line":178,"column":10},"end":{"line":178,"column":null}},"74":{"start":{"line":180,"column":8},"end":{"line":180,"column":null}},"75":{"start":{"line":184,"column":4},"end":{"line":187,"column":null}},"76":{"start":{"line":185,"column":6},"end":{"line":185,"column":null}},"77":{"start":{"line":186,"column":6},"end":{"line":186,"column":null}},"78":{"start":{"line":189,"column":4},"end":{"line":189,"column":null}},"79":{"start":{"line":192,"column":2},"end":{"line":236,"column":null}},"80":{"start":{"line":248,"column":27},"end":{"line":306,"column":null}},"81":{"start":{"line":253,"column":2},"end":{"line":304,"column":null}},"82":{"start":{"line":315,"column":21},"end":{"line":341,"column":null}},"83":{"start":{"line":316,"column":28},"end":{"line":316,"column":null}},"84":{"start":{"line":317,"column":36},"end":{"line":317,"column":null}},"85":{"start":{"line":319,"column":46},"end":{"line":324,"column":null}},"86":{"start":{"line":326,"column":2},"end":{"line":339,"column":null}},"87":{"start":{"line":331,"column":32},"end":{"line":331,"column":null}}},"fnMap":{"0":{"name":"useSvgBanner","decl":{"start":{"line":45,"column":9},"end":{"line":45,"column":null}},"loc":{"start":{"line":50,"column":2},"end":{"line":129,"column":null}},"line":50},"1":{"name":"(anonymous_1)","decl":{"start":{"line":58,"column":12},"end":{"line":58,"column":18}},"loc":{"start":{"line":58,"column":18},"end":{"line":83,"column":5}},"line":58},"2":{"name":"(anonymous_2)","decl":{"start":{"line":77,"column":12},"end":{"line":77,"column":13}},"loc":{"start":{"line":77,"column":21},"end":{"line":77,"column":40}},"line":77},"3":{"name":"(anonymous_3)","decl":{"start":{"line":78,"column":13},"end":{"line":78,"column":14}},"loc":{"start":{"line":78,"column":22},"end":{"line":80,"column":7}},"line":78},"4":{"name":"(anonymous_4)","decl":{"start":{"line":82,"column":11},"end":{"line":82,"column":17}},"loc":{"start":{"line":82,"column":17},"end":{"line":82,"column":null}},"line":82},"5":{"name":"(anonymous_5)","decl":{"start":{"line":86,"column":12},"end":{"line":86,"column":18}},"loc":{"start":{"line":86,"column":18},"end":{"line":117,"column":5}},"line":86},"6":{"name":"(anonymous_6)","decl":{"start":{"line":120,"column":12},"end":{"line":120,"column":18}},"loc":{"start":{"line":120,"column":18},"end":{"line":126,"column":5}},"line":120},"7":{"name":"(anonymous_7)","decl":{"start":{"line":121,"column":11},"end":{"line":121,"column":17}},"loc":{"start":{"line":121,"column":17},"end":{"line":125,"column":null}},"line":121},"8":{"name":"(anonymous_8)","decl":{"start":{"line":139,"column":22},"end":{"line":139,"column":23}},"loc":{"start":{"line":143,"column":19},"end":{"line":238,"column":null}},"line":143},"9":{"name":"(anonymous_9)","decl":{"start":{"line":149,"column":37},"end":{"line":149,"column":43}},"loc":{"start":{"line":149,"column":43},"end":{"line":190,"column":5}},"line":149},"10":{"name":"(anonymous_10)","decl":{"start":{"line":158,"column":17},"end":{"line":158,"column":23}},"loc":{"start":{"line":158,"column":23},"end":{"line":182,"column":null}},"line":158},"11":{"name":"(anonymous_11)","decl":{"start":{"line":171,"column":20},"end":{"line":171,"column":21}},"loc":{"start":{"line":171,"column":33},"end":{"line":181,"column":9}},"line":171},"12":{"name":"(anonymous_12)","decl":{"start":{"line":184,"column":18},"end":{"line":184,"column":24}},"loc":{"start":{"line":184,"column":24},"end":{"line":187,"column":null}},"line":184},"13":{"name":"(anonymous_13)","decl":{"start":{"line":248,"column":27},"end":{"line":248,"column":28}},"loc":{"start":{"line":252,"column":24},"end":{"line":306,"column":null}},"line":252},"14":{"name":"(anonymous_14)","decl":{"start":{"line":315,"column":21},"end":{"line":315,"column":22}},"loc":{"start":{"line":315,"column":65},"end":{"line":341,"column":null}},"line":315},"15":{"name":"(anonymous_15)","decl":{"start":{"line":331,"column":26},"end":{"line":331,"column":32}},"loc":{"start":{"line":331,"column":32},"end":{"line":331,"column":null}},"line":331}},"branchMap":{"0":{"loc":{"start":{"line":59,"column":4},"end":{"line":65,"column":null}},"type":"if","locations":[{"start":{"line":59,"column":4},"end":{"line":65,"column":null}},{"start":{},"end":{}}],"line":59},"1":{"loc":{"start":{"line":79,"column":8},"end":{"line":79,"column":null}},"type":"if","locations":[{"start":{"line":79,"column":8},"end":{"line":79,"column":null}},{"start":{},"end":{}}],"line":79},"2":{"loc":{"start":{"line":87,"column":4},"end":{"line":87,"column":null}},"type":"if","locations":[{"start":{"line":87,"column":4},"end":{"line":87,"column":null}},{"start":{},"end":{}}],"line":87},"3":{"loc":{"start":{"line":92,"column":4},"end":{"line":103,"column":null}},"type":"if","locations":[{"start":{"line":92,"column":4},"end":{"line":103,"column":null}},{"start":{},"end":{}}],"line":92},"4":{"loc":{"start":{"line":93,"column":6},"end":{"line":101,"column":null}},"type":"if","locations":[{"start":{"line":93,"column":6},"end":{"line":101,"column":null}},{"start":{"line":99,"column":6},"end":{"line":101,"column":null}}],"line":93},"5":{"loc":{"start":{"line":99,"column":6},"end":{"line":101,"column":null}},"type":"if","locations":[{"start":{"line":99,"column":6},"end":{"line":101,"column":null}},{"start":{},"end":{}}],"line":99},"6":{"loc":{"start":{"line":108,"column":4},"end":{"line":110,"column":null}},"type":"if","locations":[{"start":{"line":108,"column":4},"end":{"line":110,"column":null}},{"start":{},"end":{}}],"line":108},"7":{"loc":{"start":{"line":122,"column":6},"end":{"line":124,"column":null}},"type":"if","locations":[{"start":{"line":122,"column":6},"end":{"line":124,"column":null}},{"start":{},"end":{}}],"line":122},"8":{"loc":{"start":{"line":150,"column":4},"end":{"line":150,"column":null}},"type":"if","locations":[{"start":{"line":150,"column":4},"end":{"line":150,"column":null}},{"start":{},"end":{}}],"line":150},"9":{"loc":{"start":{"line":150,"column":8},"end":{"line":150,"column":51}},"type":"binary-expr","locations":[{"start":{"line":150,"column":8},"end":{"line":150,"column":25}},{"start":{"line":150,"column":25},"end":{"line":150,"column":36}},{"start":{"line":150,"column":36},"end":{"line":150,"column":51}}],"line":150},"10":{"loc":{"start":{"line":160,"column":21},"end":{"line":160,"column":null}},"type":"binary-expr","locations":[{"start":{"line":160,"column":21},"end":{"line":160,"column":41}},{"start":{"line":160,"column":41},"end":{"line":160,"column":null}}],"line":160},"11":{"loc":{"start":{"line":161,"column":22},"end":{"line":161,"column":null}},"type":"binary-expr","locations":[{"start":{"line":161,"column":22},"end":{"line":161,"column":43}},{"start":{"line":161,"column":43},"end":{"line":161,"column":null}}],"line":161},"12":{"loc":{"start":{"line":163,"column":6},"end":{"line":167,"column":null}},"type":"if","locations":[{"start":{"line":163,"column":6},"end":{"line":167,"column":null}},{"start":{},"end":{}}],"line":163},"13":{"loc":{"start":{"line":172,"column":8},"end":{"line":179,"column":null}},"type":"if","locations":[{"start":{"line":172,"column":8},"end":{"line":179,"column":null}},{"start":{},"end":{}}],"line":172},"14":{"loc":{"start":{"line":200,"column":9},"end":{"line":220,"column":null}},"type":"binary-expr","locations":[{"start":{"line":200,"column":9},"end":{"line":200,"column":null}},{"start":{"line":201,"column":10},"end":{"line":220,"column":null}}],"line":200},"15":{"loc":{"start":{"line":226,"column":20},"end":{"line":226,"column":null}},"type":"binary-expr","locations":[{"start":{"line":226,"column":20},"end":{"line":226,"column":37}},{"start":{"line":226,"column":37},"end":{"line":226,"column":null}}],"line":226},"16":{"loc":{"start":{"line":228,"column":11},"end":{"line":231,"column":null}},"type":"cond-expr","locations":[{"start":{"line":229,"column":12},"end":{"line":229,"column":null}},{"start":{"line":231,"column":12},"end":{"line":231,"column":null}}],"line":228},"17":{"loc":{"start":{"line":233,"column":11},"end":{"line":233,"column":null}},"type":"cond-expr","locations":[{"start":{"line":233,"column":23},"end":{"line":233,"column":36}},{"start":{"line":233,"column":36},"end":{"line":233,"column":null}}],"line":233},"18":{"loc":{"start":{"line":266,"column":9},"end":{"line":301,"column":null}},"type":"cond-expr","locations":[{"start":{"line":267,"column":10},"end":{"line":269,"column":null}},{"start":{"line":271,"column":10},"end":{"line":301,"column":null}}],"line":266},"19":{"loc":{"start":{"line":273,"column":13},"end":{"line":279,"column":null}},"type":"binary-expr","locations":[{"start":{"line":273,"column":13},"end":{"line":273,"column":null}},{"start":{"line":274,"column":14},"end":{"line":279,"column":null}}],"line":273},"20":{"loc":{"start":{"line":283,"column":13},"end":{"line":289,"column":null}},"type":"binary-expr","locations":[{"start":{"line":283,"column":13},"end":{"line":283,"column":null}},{"start":{"line":284,"column":14},"end":{"line":289,"column":null}}],"line":283},"21":{"loc":{"start":{"line":293,"column":13},"end":{"line":299,"column":null}},"type":"binary-expr","locations":[{"start":{"line":293,"column":13},"end":{"line":293,"column":null}},{"start":{"line":294,"column":14},"end":{"line":299,"column":null}}],"line":293},"22":{"loc":{"start":{"line":321,"column":4},"end":{"line":321,"column":null}},"type":"binary-expr","locations":[{"start":{"line":321,"column":4},"end":{"line":321,"column":20}},{"start":{"line":321,"column":20},"end":{"line":321,"column":null}}],"line":321}},"s":{"0":0,"1":0,"2":0,"3":0,"4":0,"5":0,"6":0,"7":0,"8":0,"9":0,"10":0,"11":0,"12":0,"13":0,"14":0,"15":0,"16":0,"17":0,"18":0,"19":0,"20":0,"21":0,"22":0,"23":0,"24":0,"25":0,"26":0,"27":0,"28":0,"29":0,"30":0,"31":0,"32":0,"33":0,"34":0,"35":0,"36":0,"37":0,"38":0,"39":0,"40":0,"41":0,"42":0,"43":0,"44":0,"45":0,"46":0,"47":0,"48":0,"49":0,"50":0,"51":0,"52":0,"53":0,"54":0,"55":0,"56":0,"57":0,"58":0,"59":0,"60":0,"61":0,"62":0,"63":0,"64":0,"65":0,"66":0,"67":0,"68":0,"69":0,"70":0,"71":0,"72":0,"73":0,"74":0,"75":0,"76":0,"77":0,"78":0,"79":0,"80":0,"81":0,"82":0,"83":0,"84":0,"85":0,"86":0,"87":0},"f":{"0":0,"1":0,"2":0,"3":0,"4":0,"5":0,"6":0,"7":0,"8":0,"9":0,"10":0,"11":0,"12":0,"13":0,"14":0,"15":0},"b":{"0":[0,0],"1":[0,0],"2":[0,0],"3":[0,0],"4":[0,0],"5":[0,0],"6":[0,0],"7":[0,0],"8":[0,0],"9":[0,0,0],"10":[0,0],"11":[0,0],"12":[0,0],"13":[0,0],"14":[0,0],"15":[0,0],"16":[0,0],"17":[0,0],"18":[0,0],"19":[0,0],"20":[0,0],"21":[0,0],"22":[0,0]},"meta":{"lastBranch":23,"lastFunction":16,"lastStatement":88,"seen":{"f:45:9:45:Infinity":0,"s:51:26:51:Infinity":0,"s:52:38:52:Infinity":1,"s:53:32:53:Infinity":2,"s:54:26:54:Infinity":3,"s:55:8:55:Infinity":4,"s:58:2:83:Infinity":5,"f:58:12:58:18":1,"b:59:4:65:Infinity:undefined:undefined:undefined:undefined":0,"s:59:4:65:Infinity":6,"s:60:6:60:Infinity":7,"s:61:6:61:Infinity":8,"s:62:6:62:Infinity":9,"s:63:6:63:Infinity":10,"s:64:6:64:Infinity":11,"s:67:4:67:Infinity":12,"s:68:4:68:Infinity":13,"s:70:23:70:Infinity":14,"s:72:4:80:Infinity":15,"f:77:12:77:13":2,"s:77:21:77:40":16,"f:78:13:78:14":3,"b:79:8:79:Infinity:undefined:undefined:undefined:undefined":1,"s:79:8:79:Infinity":17,"s:79:34:79:Infinity":18,"s:82:4:82:Infinity":19,"f:82:11:82:17":4,"s:82:17:82:Infinity":20,"s:86:2:117:Infinity":21,"f:86:12:86:18":5,"b:87:4:87:Infinity:undefined:undefined:undefined:undefined":2,"s:87:4:87:Infinity":22,"s:87:17:87:Infinity":23,"s:89:25:89:Infinity":24,"s:90:14:90:Infinity":25,"b:92:4:103:Infinity:undefined:undefined:undefined:undefined":3,"s:92:4:103:Infinity":26,"b:93:6:101:Infinity:99:6:101:Infinity":4,"s:93:6:101:Infinity":27,"s:94:8:98:Infinity":28,"b:99:6:101:Infinity:undefined:undefined:undefined:undefined":5,"s:99:6:101:Infinity":29,"s:100:8:100:Infinity":30,"s:105:4:105:Infinity":31,"b:108:4:110:Infinity:undefined:undefined:undefined:undefined":6,"s:108:4:110:Infinity":32,"s:109:6:109:Infinity":33,"s:111:19:113:Infinity":34,"s:114:4:114:Infinity":35,"s:115:4:115:Infinity":36,"s:116:4:116:Infinity":37,"s:120:2:126:Infinity":38,"f:120:12:120:18":6,"s:121:4:125:Infinity":39,"f:121:11:121:17":7,"b:122:6:124:Infinity:undefined:undefined:undefined:undefined":7,"s:122:6:124:Infinity":40,"s:123:8:123:Infinity":41,"s:128:2:128:Infinity":42,"s:139:22:238:Infinity":43,"f:139:22:139:23":8,"s:144:24:144:Infinity":44,"s:145:8:145:Infinity":45,"s:146:19:146:Infinity":46,"s:147:40:147:Infinity":47,"s:149:8:190:Infinity":48,"f:149:37:149:43":9,"b:150:4:150:Infinity:undefined:undefined:undefined:undefined":8,"s:150:4:150:Infinity":49,"b:150:8:150:25:150:25:150:36:150:36:150:51":9,"s:150:51:150:Infinity":50,"s:152:4:152:Infinity":51,"s:154:20:154:Infinity":52,"s:155:19:155:Infinity":53,"s:156:16:156:Infinity":54,"s:158:4:182:Infinity":55,"f:158:17:158:23":10,"s:159:21:159:Infinity":56,"s:160:6:160:Infinity":57,"b:160:21:160:41:160:41:160:Infinity":10,"s:161:6:161:Infinity":58,"b:161:22:161:43:161:43:161:Infinity":11,"s:162:18:162:Infinity":59,"b:163:6:167:Infinity:undefined:undefined:undefined:undefined":12,"s:163:6:167:Infinity":60,"s:164:8:164:Infinity":61,"s:165:8:165:Infinity":62,"s:166:8:166:Infinity":63,"s:168:6:168:Infinity":64,"s:169:6:169:Infinity":65,"s:171:6:181:Infinity":66,"f:171:20:171:21":11,"b:172:8:179:Infinity:undefined:undefined:undefined:undefined":13,"s:172:8:179:Infinity":67,"s:173:22:173:Infinity":68,"s:174:20:174:Infinity":69,"s:175:10:175:Infinity":70,"s:176:10:176:Infinity":71,"s:177:10:177:Infinity":72,"s:178:10:178:Infinity":73,"s:180:8:180:Infinity":74,"s:184:4:187:Infinity":75,"f:184:18:184:24":12,"s:185:6:185:Infinity":76,"s:186:6:186:Infinity":77,"s:189:4:189:Infinity":78,"s:192:2:236:Infinity":79,"b:200:9:200:Infinity:201:10:220:Infinity":14,"b:226:20:226:37:226:37:226:Infinity":15,"b:229:12:229:Infinity:231:12:231:Infinity":16,"b:233:23:233:36:233:36:233:Infinity":17,"s:248:27:306:Infinity":80,"f:248:27:248:28":13,"s:253:2:304:Infinity":81,"b:267:10:269:Infinity:271:10:301:Infinity":18,"b:273:13:273:Infinity:274:14:279:Infinity":19,"b:283:13:283:Infinity:284:14:289:Infinity":20,"b:293:13:293:Infinity:294:14:299:Infinity":21,"s:315:21:341:Infinity":82,"f:315:21:315:22":14,"s:316:28:316:Infinity":83,"s:317:36:317:Infinity":84,"s:319:46:324:Infinity":85,"b:321:4:321:20:321:20:321:Infinity":22,"s:326:2:339:Infinity":86,"f:331:26:331:32":15,"s:331:32:331:Infinity":87}}}
,"/Users/somya/somu/git-banner/GIT_BANNER_V2/src/appComponents/AppSidebar.tsx": {"path":"/Users/somya/somu/git-banner/GIT_BANNER_V2/src/appComponents/AppSidebar.tsx","statementMap":{"0":{"start":{"line":29,"column":22},"end":{"line":29,"column":null}},"1":{"start":{"line":31,"column":24},"end":{"line":83,"column":null}},"2":{"start":{"line":40,"column":24},"end":{"line":40,"column":null}},"3":{"start":{"line":41,"column":15},"end":{"line":41,"column":null}},"4":{"start":{"line":43,"column":2},"end":{"line":81,"column":null}},"5":{"start":{"line":87,"column":26},"end":{"line":118,"column":null}},"6":{"start":{"line":94,"column":77},"end":{"line":97,"column":null}},"7":{"start":{"line":99,"column":2},"end":{"line":116,"column":null}},"8":{"start":{"line":102,"column":8},"end":{"line":114,"column":null}},"9":{"start":{"line":104,"column":25},"end":{"line":104,"column":null}},"10":{"start":{"line":122,"column":19},"end":{"line":160,"column":null}},"11":{"start":{"line":131,"column":2},"end":{"line":158,"column":null}},"12":{"start":{"line":151,"column":10},"end":{"line":155,"column":null}},"13":{"start":{"line":164,"column":19},"end":{"line":251,"column":null}},"14":{"start":{"line":165,"column":8},"end":{"line":165,"column":null}},"15":{"start":{"line":166,"column":16},"end":{"line":166,"column":null}},"16":{"start":{"line":174,"column":2},"end":{"line":174,"column":null}},"17":{"start":{"line":175,"column":17},"end":{"line":175,"column":null}},"18":{"start":{"line":176,"column":19},"end":{"line":176,"column":null}},"19":{"start":{"line":178,"column":2},"end":{"line":249,"column":null}},"20":{"start":{"line":183,"column":12},"end":{"line":183,"column":null}},"21":{"start":{"line":203,"column":16},"end":{"line":208,"column":null}},"22":{"start":{"line":207,"column":33},"end":{"line":207,"column":null}},"23":{"start":{"line":234,"column":20},"end":{"line":239,"column":null}},"24":{"start":{"line":238,"column":37},"end":{"line":238,"column":null}}},"fnMap":{"0":{"name":"(anonymous_0)","decl":{"start":{"line":31,"column":24},"end":{"line":31,"column":25}},"loc":{"start":{"line":39,"column":6},"end":{"line":83,"column":null}},"line":39},"1":{"name":"(anonymous_1)","decl":{"start":{"line":87,"column":26},"end":{"line":87,"column":27}},"loc":{"start":{"line":93,"column":6},"end":{"line":118,"column":null}},"line":93},"2":{"name":"(anonymous_2)","decl":{"start":{"line":101,"column":19},"end":{"line":101,"column":20}},"loc":{"start":{"line":102,"column":8},"end":{"line":114,"column":null}},"line":102},"3":{"name":"(anonymous_3)","decl":{"start":{"line":104,"column":19},"end":{"line":104,"column":25}},"loc":{"start":{"line":104,"column":25},"end":{"line":104,"column":null}},"line":104},"4":{"name":"(anonymous_4)","decl":{"start":{"line":122,"column":19},"end":{"line":122,"column":20}},"loc":{"start":{"line":130,"column":6},"end":{"line":160,"column":null}},"line":130},"5":{"name":"(anonymous_5)","decl":{"start":{"line":150,"column":28},"end":{"line":150,"column":29}},"loc":{"start":{"line":151,"column":10},"end":{"line":155,"column":null}},"line":151},"6":{"name":"(anonymous_6)","decl":{"start":{"line":164,"column":19},"end":{"line":164,"column":25}},"loc":{"start":{"line":164,"column":25},"end":{"line":251,"column":null}},"line":164},"7":{"name":"(anonymous_7)","decl":{"start":{"line":182,"column":19},"end":{"line":182,"column":25}},"loc":{"start":{"line":182,"column":25},"end":{"line":184,"column":null}},"line":182},"8":{"name":"(anonymous_8)","decl":{"start":{"line":202,"column":47},"end":{"line":202,"column":48}},"loc":{"start":{"line":203,"column":16},"end":{"line":208,"column":null}},"line":203},"9":{"name":"(anonymous_9)","decl":{"start":{"line":207,"column":27},"end":{"line":207,"column":33}},"loc":{"start":{"line":207,"column":33},"end":{"line":207,"column":null}},"line":207},"10":{"name":"(anonymous_10)","decl":{"start":{"line":233,"column":38},"end":{"line":233,"column":39}},"loc":{"start":{"line":234,"column":20},"end":{"line":239,"column":null}},"line":234},"11":{"name":"(anonymous_11)","decl":{"start":{"line":238,"column":31},"end":{"line":238,"column":37}},"loc":{"start":{"line":238,"column":37},"end":{"line":238,"column":null}},"line":238}},"branchMap":{"0":{"loc":{"start":{"line":41,"column":15},"end":{"line":41,"column":null}},"type":"cond-expr","locations":[{"start":{"line":41,"column":45},"end":{"line":41,"column":55}},{"start":{"line":41,"column":55},"end":{"line":41,"column":null}}],"line":41},"1":{"loc":{"start":{"line":48,"column":8},"end":{"line":50,"column":null}},"type":"cond-expr","locations":[{"start":{"line":49,"column":12},"end":{"line":49,"column":null}},{"start":{"line":50,"column":12},"end":{"line":50,"column":null}}],"line":48},"2":{"loc":{"start":{"line":56,"column":10},"end":{"line":58,"column":null}},"type":"cond-expr","locations":[{"start":{"line":57,"column":14},"end":{"line":57,"column":null}},{"start":{"line":58,"column":14},"end":{"line":58,"column":null}}],"line":56},"3":{"loc":{"start":{"line":66,"column":23},"end":{"line":66,"column":null}},"type":"cond-expr","locations":[{"start":{"line":66,"column":34},"end":{"line":66,"column":51}},{"start":{"line":66,"column":51},"end":{"line":66,"column":null}}],"line":66},"4":{"loc":{"start":{"line":71,"column":14},"end":{"line":71,"column":null}},"type":"cond-expr","locations":[{"start":{"line":71,"column":25},"end":{"line":71,"column":42}},{"start":{"line":71,"column":42},"end":{"line":71,"column":null}}],"line":71},"5":{"loc":{"start":{"line":107,"column":12},"end":{"line":109,"column":null}},"type":"cond-expr","locations":[{"start":{"line":108,"column":16},"end":{"line":108,"column":null}},{"start":{"line":109,"column":16},"end":{"line":109,"column":null}}],"line":107},"6":{"loc":{"start":{"line":136,"column":8},"end":{"line":138,"column":null}},"type":"cond-expr","locations":[{"start":{"line":137,"column":12},"end":{"line":137,"column":null}},{"start":{"line":138,"column":12},"end":{"line":138,"column":null}}],"line":136},"7":{"loc":{"start":{"line":144,"column":10},"end":{"line":144,"column":null}},"type":"cond-expr","locations":[{"start":{"line":144,"column":21},"end":{"line":144,"column":53}},{"start":{"line":144,"column":53},"end":{"line":144,"column":null}}],"line":144},"8":{"loc":{"start":{"line":190,"column":23},"end":{"line":190,"column":null}},"type":"cond-expr","locations":[{"start":{"line":190,"column":42},"end":{"line":190,"column":54}},{"start":{"line":190,"column":54},"end":{"line":190,"column":null}}],"line":190},"9":{"loc":{"start":{"line":224,"column":9},"end":{"line":244,"column":null}},"type":"binary-expr","locations":[{"start":{"line":224,"column":9},"end":{"line":224,"column":null}},{"start":{"line":225,"column":10},"end":{"line":244,"column":null}}],"line":224}},"s":{"0":0,"1":0,"2":0,"3":0,"4":0,"5":0,"6":0,"7":0,"8":0,"9":0,"10":0,"11":0,"12":0,"13":0,"14":0,"15":0,"16":0,"17":0,"18":0,"19":0,"20":0,"21":0,"22":0,"23":0,"24":0},"f":{"0":0,"1":0,"2":0,"3":0,"4":0,"5":0,"6":0,"7":0,"8":0,"9":0,"10":0,"11":0},"b":{"0":[0,0],"1":[0,0],"2":[0,0],"3":[0,0],"4":[0,0],"5":[0,0],"6":[0,0],"7":[0,0],"8":[0,0],"9":[0,0]},"meta":{"lastBranch":10,"lastFunction":12,"lastStatement":25,"seen":{"s:29:22:29:Infinity":0,"s:31:24:83:Infinity":1,"f:31:24:31:25":0,"s:40:24:40:Infinity":2,"s:41:15:41:Infinity":3,"b:41:45:41:55:41:55:41:Infinity":0,"s:43:2:81:Infinity":4,"b:49:12:49:Infinity:50:12:50:Infinity":1,"b:57:14:57:Infinity:58:14:58:Infinity":2,"b:66:34:66:51:66:51:66:Infinity":3,"b:71:25:71:42:71:42:71:Infinity":4,"s:87:26:118:Infinity":5,"f:87:26:87:27":1,"s:94:77:97:Infinity":6,"s:99:2:116:Infinity":7,"f:101:19:101:20":2,"s:102:8:114:Infinity":8,"f:104:19:104:25":3,"s:104:25:104:Infinity":9,"b:108:16:108:Infinity:109:16:109:Infinity":5,"s:122:19:160:Infinity":10,"f:122:19:122:20":4,"s:131:2:158:Infinity":11,"b:137:12:137:Infinity:138:12:138:Infinity":6,"b:144:21:144:53:144:53:144:Infinity":7,"f:150:28:150:29":5,"s:151:10:155:Infinity":12,"s:164:19:251:Infinity":13,"f:164:19:164:25":6,"s:165:8:165:Infinity":14,"s:166:16:166:Infinity":15,"s:174:2:174:Infinity":16,"s:175:17:175:Infinity":17,"s:176:19:176:Infinity":18,"s:178:2:249:Infinity":19,"f:182:19:182:25":7,"s:183:12:183:Infinity":20,"b:190:42:190:54:190:54:190:Infinity":8,"f:202:47:202:48":8,"s:203:16:208:Infinity":21,"f:207:27:207:33":9,"s:207:33:207:Infinity":22,"b:224:9:224:Infinity:225:10:244:Infinity":9,"f:233:38:233:39":10,"s:234:20:239:Infinity":23,"f:238:31:238:37":11,"s:238:37:238:Infinity":24}}}
,"/Users/somya/somu/git-banner/GIT_BANNER_V2/src/appComponents/DisplayCard.tsx": {"path":"/Users/somya/somu/git-banner/GIT_BANNER_V2/src/appComponents/DisplayCard.tsx","statementMap":{"0":{"start":{"line":12,"column":20},"end":{"line":59,"column":null}},"1":{"start":{"line":13,"column":8},"end":{"line":13,"column":null}},"2":{"start":{"line":15,"column":2},"end":{"line":57,"column":null}},"3":{"start":{"line":17,"column":21},"end":{"line":17,"column":null}}},"fnMap":{"0":{"name":"(anonymous_0)","decl":{"start":{"line":12,"column":20},"end":{"line":12,"column":21}},"loc":{"start":{"line":12,"column":68},"end":{"line":59,"column":null}},"line":12},"1":{"name":"(anonymous_1)","decl":{"start":{"line":17,"column":15},"end":{"line":17,"column":21}},"loc":{"start":{"line":17,"column":21},"end":{"line":17,"column":null}},"line":17}},"branchMap":{"0":{"loc":{"start":{"line":34,"column":9},"end":{"line":39,"column":null}},"type":"binary-expr","locations":[{"start":{"line":34,"column":9},"end":{"line":34,"column":null}},{"start":{"line":35,"column":10},"end":{"line":39,"column":null}}],"line":34}},"s":{"0":0,"1":0,"2":0,"3":0},"f":{"0":0,"1":0},"b":{"0":[0,0]},"meta":{"lastBranch":1,"lastFunction":2,"lastStatement":4,"seen":{"s:12:20:59:Infinity":0,"f:12:20:12:21":0,"s:13:8:13:Infinity":1,"s:15:2:57:Infinity":2,"f:17:15:17:21":1,"s:17:21:17:Infinity":3,"b:34:9:34:Infinity:35:10:39:Infinity":0}}}
,"/Users/somya/somu/git-banner/GIT_BANNER_V2/src/appComponents/DownloadCTA.tsx": {"path":"/Users/somya/somu/git-banner/GIT_BANNER_V2/src/appComponents/DownloadCTA.tsx","statementMap":{"0":{"start":{"line":1,"column":20},"end":{"line":3,"column":null}},"1":{"start":{"line":2,"column":2},"end":{"line":2,"column":null}}},"fnMap":{"0":{"name":"(anonymous_0)","decl":{"start":{"line":1,"column":20},"end":{"line":1,"column":26}},"loc":{"start":{"line":1,"column":26},"end":{"line":3,"column":null}},"line":1}},"branchMap":{},"s":{"0":0,"1":0},"f":{"0":0},"b":{},"meta":{"lastBranch":0,"lastFunction":1,"lastStatement":2,"seen":{"s:1:20:3:Infinity":0,"f:1:20:1:26":0,"s:2:2:2:Infinity":1}}}
,"/Users/somya/somu/git-banner/GIT_BANNER_V2/src/appComponents/HomePageHeader.tsx": {"path":"/Users/somya/somu/git-banner/GIT_BANNER_V2/src/appComponents/HomePageHeader.tsx","statementMap":{"0":{"start":{"line":7,"column":23},"end":{"line":20,"column":null}},"1":{"start":{"line":8,"column":16},"end":{"line":8,"column":null}},"2":{"start":{"line":9,"column":2},"end":{"line":18,"column":null}}},"fnMap":{"0":{"name":"(anonymous_0)","decl":{"start":{"line":7,"column":23},"end":{"line":7,"column":29}},"loc":{"start":{"line":7,"column":29},"end":{"line":20,"column":null}},"line":7}},"branchMap":{"0":{"loc":{"start":{"line":13,"column":21},"end":{"line":13,"column":null}},"type":"cond-expr","locations":[{"start":{"line":13,"column":40},"end":{"line":13,"column":52}},{"start":{"line":13,"column":52},"end":{"line":13,"column":null}}],"line":13}},"s":{"0":0,"1":0,"2":0},"f":{"0":0},"b":{"0":[0,0]},"meta":{"lastBranch":1,"lastFunction":1,"lastStatement":3,"seen":{"s:7:23:20:Infinity":0,"f:7:23:7:29":0,"s:8:16:8:Infinity":1,"s:9:2:18:Infinity":2,"b:13:40:13:52:13:52:13:Infinity":0}}}
,"/Users/somya/somu/git-banner/GIT_BANNER_V2/src/appComponents/ThemeToggle.tsx": {"path":"/Users/somya/somu/git-banner/GIT_BANNER_V2/src/appComponents/ThemeToggle.tsx","statementMap":{"0":{"start":{"line":5,"column":23},"end":{"line":13,"column":null}},"1":{"start":{"line":6,"column":29},"end":{"line":6,"column":null}},"2":{"start":{"line":8,"column":2},"end":{"line":11,"column":null}}},"fnMap":{"0":{"name":"(anonymous_0)","decl":{"start":{"line":5,"column":23},"end":{"line":5,"column":29}},"loc":{"start":{"line":5,"column":29},"end":{"line":13,"column":null}},"line":5}},"branchMap":{"0":{"loc":{"start":{"line":10,"column":7},"end":{"line":10,"column":null}},"type":"cond-expr","locations":[{"start":{"line":10,"column":26},"end":{"line":10,"column":46}},{"start":{"line":10,"column":46},"end":{"line":10,"column":null}}],"line":10}},"s":{"0":0,"1":0,"2":0},"f":{"0":0},"b":{"0":[0,0]},"meta":{"lastBranch":1,"lastFunction":1,"lastStatement":3,"seen":{"s:5:23:13:Infinity":0,"f:5:23:5:29":0,"s:6:29:6:Infinity":1,"s:8:2:11:Infinity":2,"b:10:26:10:46:10:46:10:Infinity":0}}}
,"/Users/somya/somu/git-banner/GIT_BANNER_V2/src/appComponents/UserNameInputModal.tsx": {"path":"/Users/somya/somu/git-banner/GIT_BANNER_V2/src/appComponents/UserNameInputModal.tsx","statementMap":{"0":{"start":{"line":22,"column":27},"end":{"line":133,"column":null}},"1":{"start":{"line":23,"column":8},"end":{"line":23,"column":null}},"2":{"start":{"line":24,"column":47},"end":{"line":24,"column":null}},"3":{"start":{"line":25,"column":24},"end":{"line":25,"column":null}},"4":{"start":{"line":26,"column":24},"end":{"line":26,"column":null}},"5":{"start":{"line":27,"column":38},"end":{"line":27,"column":null}},"6":{"start":{"line":28,"column":8},"end":{"line":28,"column":null}},"7":{"start":{"line":30,"column":2},"end":{"line":33,"column":null}},"8":{"start":{"line":31,"column":4},"end":{"line":31,"column":null}},"9":{"start":{"line":32,"column":4},"end":{"line":32,"column":null}},"10":{"start":{"line":35,"column":23},"end":{"line":39,"column":null}},"11":{"start":{"line":36,"column":4},"end":{"line":36,"column":null}},"12":{"start":{"line":37,"column":4},"end":{"line":37,"column":null}},"13":{"start":{"line":38,"column":4},"end":{"line":38,"column":null}},"14":{"start":{"line":38,"column":24},"end":{"line":38,"column":null}},"15":{"start":{"line":41,"column":23},"end":{"line":63,"column":null}},"16":{"start":{"line":42,"column":20},"end":{"line":42,"column":null}},"17":{"start":{"line":43,"column":4},"end":{"line":43,"column":null}},"18":{"start":{"line":43,"column":18},"end":{"line":43,"column":null}},"19":{"start":{"line":45,"column":4},"end":{"line":45,"column":null}},"20":{"start":{"line":46,"column":23},"end":{"line":46,"column":null}},"21":{"start":{"line":47,"column":4},"end":{"line":47,"column":null}},"22":{"start":{"line":49,"column":4},"end":{"line":49,"column":null}},"23":{"start":{"line":50,"column":4},"end":{"line":50,"column":null}},"24":{"start":{"line":52,"column":16},"end":{"line":52,"column":null}},"25":{"start":{"line":54,"column":4},"end":{"line":54,"column":null}},"26":{"start":{"line":56,"column":4},"end":{"line":59,"column":null}},"27":{"start":{"line":57,"column":6},"end":{"line":57,"column":null}},"28":{"start":{"line":58,"column":6},"end":{"line":58,"column":null}},"29":{"start":{"line":61,"column":4},"end":{"line":61,"column":null}},"30":{"start":{"line":62,"column":4},"end":{"line":62,"column":null}},"31":{"start":{"line":65,"column":2},"end":{"line":131,"column":null}},"32":{"start":{"line":70,"column":34},"end":{"line":70,"column":null}},"33":{"start":{"line":71,"column":32},"end":{"line":71,"column":null}},"34":{"start":{"line":86,"column":14},"end":{"line":86,"column":null}},"35":{"start":{"line":87,"column":14},"end":{"line":87,"column":null}},"36":{"start":{"line":90,"column":14},"end":{"line":90,"column":null}},"37":{"start":{"line":90,"column":37},"end":{"line":90,"column":null}}},"fnMap":{"0":{"name":"(anonymous_0)","decl":{"start":{"line":22,"column":27},"end":{"line":22,"column":28}},"loc":{"start":{"line":22,"column":57},"end":{"line":133,"column":null}},"line":22},"1":{"name":"(anonymous_1)","decl":{"start":{"line":30,"column":12},"end":{"line":30,"column":18}},"loc":{"start":{"line":30,"column":18},"end":{"line":33,"column":5}},"line":30},"2":{"name":"(anonymous_2)","decl":{"start":{"line":35,"column":23},"end":{"line":35,"column":29}},"loc":{"start":{"line":35,"column":29},"end":{"line":39,"column":null}},"line":35},"3":{"name":"(anonymous_3)","decl":{"start":{"line":41,"column":23},"end":{"line":41,"column":35}},"loc":{"start":{"line":41,"column":35},"end":{"line":63,"column":null}},"line":41},"4":{"name":"(anonymous_4)","decl":{"start":{"line":70,"column":27},"end":{"line":70,"column":28}},"loc":{"start":{"line":70,"column":34},"end":{"line":70,"column":null}},"line":70},"5":{"name":"(anonymous_5)","decl":{"start":{"line":71,"column":25},"end":{"line":71,"column":26}},"loc":{"start":{"line":71,"column":32},"end":{"line":71,"column":null}},"line":71},"6":{"name":"(anonymous_6)","decl":{"start":{"line":85,"column":22},"end":{"line":85,"column":23}},"loc":{"start":{"line":85,"column":29},"end":{"line":88,"column":null}},"line":85},"7":{"name":"(anonymous_7)","decl":{"start":{"line":89,"column":23},"end":{"line":89,"column":24}},"loc":{"start":{"line":89,"column":30},"end":{"line":91,"column":null}},"line":89}},"branchMap":{"0":{"loc":{"start":{"line":38,"column":4},"end":{"line":38,"column":null}},"type":"if","locations":[{"start":{"line":38,"column":4},"end":{"line":38,"column":null}},{"start":{},"end":{}}],"line":38},"1":{"loc":{"start":{"line":43,"column":4},"end":{"line":43,"column":null}},"type":"if","locations":[{"start":{"line":43,"column":4},"end":{"line":43,"column":null}},{"start":{},"end":{}}],"line":43},"2":{"loc":{"start":{"line":56,"column":4},"end":{"line":59,"column":null}},"type":"if","locations":[{"start":{"line":56,"column":4},"end":{"line":59,"column":null}},{"start":{},"end":{}}],"line":56},"3":{"loc":{"start":{"line":90,"column":14},"end":{"line":90,"column":null}},"type":"if","locations":[{"start":{"line":90,"column":14},"end":{"line":90,"column":null}},{"start":{},"end":{}}],"line":90},"4":{"loc":{"start":{"line":92,"column":31},"end":{"line":92,"column":95}},"type":"cond-expr","locations":[{"start":{"line":92,"column":39},"end":{"line":92,"column":93}},{"start":{"line":92,"column":93},"end":{"line":92,"column":95}}],"line":92},"5":{"loc":{"start":{"line":96,"column":11},"end":{"line":96,"column":null}},"type":"binary-expr","locations":[{"start":{"line":96,"column":11},"end":{"line":96,"column":20}},{"start":{"line":96,"column":20},"end":{"line":96,"column":null}}],"line":96},"6":{"loc":{"start":{"line":120,"column":22},"end":{"line":120,"column":null}},"type":"binary-expr","locations":[{"start":{"line":120,"column":22},"end":{"line":120,"column":39}},{"start":{"line":120,"column":39},"end":{"line":120,"column":null}}],"line":120},"7":{"loc":{"start":{"line":123,"column":13},"end":{"line":126,"column":null}},"type":"cond-expr","locations":[{"start":{"line":124,"column":14},"end":{"line":124,"column":null}},{"start":{"line":126,"column":14},"end":{"line":126,"column":null}}],"line":123}},"s":{"0":1,"1":90,"2":90,"3":90,"4":90,"5":90,"6":90,"7":90,"8":16,"9":16,"10":90,"11":1,"12":1,"13":1,"14":1,"15":90,"16":7,"17":7,"18":0,"19":7,"20":7,"21":7,"22":7,"23":7,"24":7,"25":7,"26":7,"27":3,"28":3,"29":4,"30":4,"31":90,"32":0,"33":0,"34":52,"35":52,"36":53,"37":1},"f":{"0":90,"1":16,"2":1,"3":7,"4":0,"5":0,"6":52,"7":53},"b":{"0":[1,0],"1":[0,7],"2":[3,4],"3":[1,52],"4":[3,87],"5":[90,3],"6":[90,75],"7":[7,83]},"meta":{"lastBranch":8,"lastFunction":8,"lastStatement":38,"seen":{"s:22:27:133:Infinity":0,"f:22:27:22:28":0,"s:23:8:23:Infinity":1,"s:24:47:24:Infinity":2,"s:25:24:25:Infinity":3,"s:26:24:26:Infinity":4,"s:27:38:27:Infinity":5,"s:28:8:28:Infinity":6,"s:30:2:33:Infinity":7,"f:30:12:30:18":1,"s:31:4:31:Infinity":8,"s:32:4:32:Infinity":9,"s:35:23:39:Infinity":10,"f:35:23:35:29":2,"s:36:4:36:Infinity":11,"s:37:4:37:Infinity":12,"b:38:4:38:Infinity:undefined:undefined:undefined:undefined":0,"s:38:4:38:Infinity":13,"s:38:24:38:Infinity":14,"s:41:23:63:Infinity":15,"f:41:23:41:35":3,"s:42:20:42:Infinity":16,"b:43:4:43:Infinity:undefined:undefined:undefined:undefined":1,"s:43:4:43:Infinity":17,"s:43:18:43:Infinity":18,"s:45:4:45:Infinity":19,"s:46:23:46:Infinity":20,"s:47:4:47:Infinity":21,"s:49:4:49:Infinity":22,"s:50:4:50:Infinity":23,"s:52:16:52:Infinity":24,"s:54:4:54:Infinity":25,"b:56:4:59:Infinity:undefined:undefined:undefined:undefined":2,"s:56:4:59:Infinity":26,"s:57:6:57:Infinity":27,"s:58:6:58:Infinity":28,"s:61:4:61:Infinity":29,"s:62:4:62:Infinity":30,"s:65:2:131:Infinity":31,"f:70:27:70:28":4,"s:70:34:70:Infinity":32,"f:71:25:71:26":5,"s:71:32:71:Infinity":33,"f:85:22:85:23":6,"s:86:14:86:Infinity":34,"s:87:14:87:Infinity":35,"f:89:23:89:24":7,"b:90:14:90:Infinity:undefined:undefined:undefined:undefined":3,"s:90:14:90:Infinity":36,"s:90:37:90:Infinity":37,"b:92:39:92:93:92:93:92:95":4,"b:96:11:96:20:96:20:96:Infinity":5,"b:120:22:120:39:120:39:120:Infinity":6,"b:124:14:124:Infinity:126:14:126:Infinity":7}}}
,"/Users/somya/somu/git-banner/GIT_BANNER_V2/src/components/ErrorBoundary.tsx": {"path":"/Users/somya/somu/git-banner/GIT_BANNER_V2/src/components/ErrorBoundary.tsx","statementMap":{"0":{"start":{"line":13,"column":17},"end":{"line":13,"column":null}},"1":{"start":{"line":16,"column":4},"end":{"line":16,"column":null}},"2":{"start":{"line":20,"column":4},"end":{"line":20,"column":null}},"3":{"start":{"line":24,"column":4},"end":{"line":39,"column":null}},"4":{"start":{"line":25,"column":6},"end":{"line":37,"column":null}},"5":{"start":{"line":32,"column":27},"end":{"line":32,"column":null}},"6":{"start":{"line":40,"column":4},"end":{"line":40,"column":null}}},"fnMap":{"0":{"name":"(anonymous_0)","decl":{"start":{"line":15,"column":9},"end":{"line":15,"column":43}},"loc":{"start":{"line":15,"column":43},"end":{"line":17,"column":null}},"line":15},"1":{"name":"(anonymous_1)","decl":{"start":{"line":19,"column":2},"end":{"line":19,"column":20}},"loc":{"start":{"line":19,"column":51},"end":{"line":21,"column":null}},"line":19},"2":{"name":"(anonymous_2)","decl":{"start":{"line":23,"column":2},"end":{"line":23,"column":11}},"loc":{"start":{"line":23,"column":11},"end":{"line":41,"column":null}},"line":23},"3":{"name":"(anonymous_3)","decl":{"start":{"line":32,"column":21},"end":{"line":32,"column":27}},"loc":{"start":{"line":32,"column":27},"end":{"line":32,"column":null}},"line":32}},"branchMap":{"0":{"loc":{"start":{"line":24,"column":4},"end":{"line":39,"column":null}},"type":"if","locations":[{"start":{"line":24,"column":4},"end":{"line":39,"column":null}},{"start":{},"end":{}}],"line":24}},"s":{"0":0,"1":0,"2":0,"3":0,"4":0,"5":0,"6":0},"f":{"0":0,"1":0,"2":0,"3":0},"b":{"0":[0,0]},"meta":{"lastBranch":1,"lastFunction":4,"lastStatement":7,"seen":{"s:13:17:13:Infinity":0,"f:15:9:15:43":0,"s:16:4:16:Infinity":1,"f:19:2:19:20":1,"s:20:4:20:Infinity":2,"f:23:2:23:11":2,"b:24:4:39:Infinity:undefined:undefined:undefined:undefined":0,"s:24:4:39:Infinity":3,"s:25:6:37:Infinity":4,"f:32:21:32:27":3,"s:32:27:32:Infinity":5,"s:40:4:40:Infinity":6}}}
,"/Users/somya/somu/git-banner/GIT_BANNER_V2/src/context/DashboardContext.tsx": {"path":"/Users/somya/somu/git-banner/GIT_BANNER_V2/src/context/DashboardContext.tsx","statementMap":{"0":{"start":{"line":25,"column":6},"end":{"line":25,"column":null}},"1":{"start":{"line":27,"column":33},"end":{"line":64,"column":null}},"2":{"start":{"line":32,"column":35},"end":{"line":34,"column":null}},"3":{"start":{"line":33,"column":4},"end":{"line":33,"column":null}},"4":{"start":{"line":35,"column":34},"end":{"line":37,"column":null}},"5":{"start":{"line":38,"column":38},"end":{"line":40,"column":null}},"6":{"start":{"line":41,"column":36},"end":{"line":41,"column":null}},"7":{"start":{"line":43,"column":8},"end":{"line":46,"column":null}},"8":{"start":{"line":44,"column":4},"end":{"line":44,"column":null}},"9":{"start":{"line":45,"column":4},"end":{"line":45,"column":null}},"10":{"start":{"line":48,"column":2},"end":{"line":62,"column":null}},"11":{"start":{"line":66,"column":28},"end":{"line":72,"column":null}},"12":{"start":{"line":67,"column":8},"end":{"line":67,"column":null}},"13":{"start":{"line":68,"column":2},"end":{"line":70,"column":null}},"14":{"start":{"line":69,"column":4},"end":{"line":69,"column":null}},"15":{"start":{"line":71,"column":2},"end":{"line":71,"column":null}}},"fnMap":{"0":{"name":"(anonymous_0)","decl":{"start":{"line":27,"column":33},"end":{"line":27,"column":34}},"loc":{"start":{"line":31,"column":6},"end":{"line":64,"column":null}},"line":31},"1":{"name":"(anonymous_1)","decl":{"start":{"line":32,"column":56},"end":{"line":32,"column":null}},"loc":{"start":{"line":33,"column":4},"end":{"line":33,"column":null}},"line":33},"2":{"name":"(anonymous_2)","decl":{"start":{"line":43,"column":34},"end":{"line":43,"column":35}},"loc":{"start":{"line":43,"column":49},"end":{"line":46,"column":5}},"line":43},"3":{"name":"(anonymous_3)","decl":{"start":{"line":66,"column":28},"end":{"line":66,"column":34}},"loc":{"start":{"line":66,"column":34},"end":{"line":72,"column":null}},"line":66}},"branchMap":{"0":{"loc":{"start":{"line":68,"column":2},"end":{"line":70,"column":null}},"type":"if","locations":[{"start":{"line":68,"column":2},"end":{"line":70,"column":null}},{"start":{},"end":{}}],"line":68}},"s":{"0":3,"1":3,"2":40,"3":31,"4":40,"5":40,"6":40,"7":40,"8":6,"9":6,"10":40,"11":3,"12":116,"13":116,"14":2,"15":114},"f":{"0":40,"1":31,"2":6,"3":116},"b":{"0":[2,114]},"meta":{"lastBranch":1,"lastFunction":4,"lastStatement":16,"seen":{"s:25:6:25:Infinity":0,"s:27:33:64:Infinity":1,"f:27:33:27:34":0,"s:32:35:34:Infinity":2,"f:32:56:32:Infinity":1,"s:33:4:33:Infinity":3,"s:35:34:37:Infinity":4,"s:38:38:40:Infinity":5,"s:41:36:41:Infinity":6,"s:43:8:46:Infinity":7,"f:43:34:43:35":2,"s:44:4:44:Infinity":8,"s:45:4:45:Infinity":9,"s:48:2:62:Infinity":10,"s:66:28:72:Infinity":11,"f:66:28:66:34":3,"s:67:8:67:Infinity":12,"b:68:2:70:Infinity:undefined:undefined:undefined:undefined":0,"s:68:2:70:Infinity":13,"s:69:4:69:Infinity":14,"s:71:2:71:Infinity":15}}}
,"/Users/somya/somu/git-banner/GIT_BANNER_V2/src/context/ThemeProvider.tsx": {"path":"/Users/somya/somu/git-banner/GIT_BANNER_V2/src/context/ThemeProvider.tsx","statementMap":{"0":{"start":{"line":18,"column":6},"end":{"line":18,"column":null}},"1":{"start":{"line":25,"column":29},"end":{"line":37,"column":null}},"2":{"start":{"line":26,"column":4},"end":{"line":26,"column":null}},"3":{"start":{"line":26,"column":39},"end":{"line":26,"column":null}},"4":{"start":{"line":28,"column":18},"end":{"line":28,"column":null}},"5":{"start":{"line":30,"column":4},"end":{"line":30,"column":null}},"6":{"start":{"line":30,"column":15},"end":{"line":30,"column":null}},"7":{"start":{"line":32,"column":30},"end":{"line":34,"column":null}},"8":{"start":{"line":36,"column":4},"end":{"line":36,"column":null}},"9":{"start":{"line":39,"column":2},"end":{"line":49,"column":null}},"10":{"start":{"line":40,"column":17},"end":{"line":40,"column":null}},"11":{"start":{"line":42,"column":4},"end":{"line":46,"column":null}},"12":{"start":{"line":43,"column":6},"end":{"line":43,"column":null}},"13":{"start":{"line":45,"column":6},"end":{"line":45,"column":null}},"14":{"start":{"line":48,"column":4},"end":{"line":48,"column":null}},"15":{"start":{"line":51,"column":19},"end":{"line":53,"column":null}},"16":{"start":{"line":52,"column":4},"end":{"line":52,"column":null}},"17":{"start":{"line":55,"column":22},"end":{"line":57,"column":null}},"18":{"start":{"line":56,"column":4},"end":{"line":56,"column":null}},"19":{"start":{"line":56,"column":29},"end":{"line":56,"column":64}},"20":{"start":{"line":59,"column":8},"end":{"line":59,"column":null}},"21":{"start":{"line":59,"column":31},"end":{"line":59,"column":66}},"22":{"start":{"line":61,"column":2},"end":{"line":62,"column":null}},"23":{"start":{"line":67,"column":8},"end":{"line":67,"column":null}},"24":{"start":{"line":69,"column":2},"end":{"line":71,"column":null}},"25":{"start":{"line":70,"column":4},"end":{"line":70,"column":null}},"26":{"start":{"line":73,"column":2},"end":{"line":73,"column":null}}},"fnMap":{"0":{"name":"ThemeProvider","decl":{"start":{"line":24,"column":16},"end":{"line":24,"column":30}},"loc":{"start":{"line":24,"column":51},"end":{"line":64,"column":null}},"line":24},"1":{"name":"(anonymous_1)","decl":{"start":{"line":25,"column":49},"end":{"line":25,"column":55}},"loc":{"start":{"line":25,"column":55},"end":{"line":37,"column":3}},"line":25},"2":{"name":"(anonymous_2)","decl":{"start":{"line":39,"column":12},"end":{"line":39,"column":18}},"loc":{"start":{"line":39,"column":18},"end":{"line":49,"column":5}},"line":39},"3":{"name":"(anonymous_3)","decl":{"start":{"line":51,"column":19},"end":{"line":51,"column":20}},"loc":{"start":{"line":51,"column":40},"end":{"line":53,"column":null}},"line":51},"4":{"name":"(anonymous_4)","decl":{"start":{"line":55,"column":22},"end":{"line":55,"column":28}},"loc":{"start":{"line":55,"column":28},"end":{"line":57,"column":null}},"line":55},"5":{"name":"(anonymous_5)","decl":{"start":{"line":56,"column":18},"end":{"line":56,"column":19}},"loc":{"start":{"line":56,"column":29},"end":{"line":56,"column":64}},"line":56},"6":{"name":"(anonymous_6)","decl":{"start":{"line":59,"column":24},"end":{"line":59,"column":31}},"loc":{"start":{"line":59,"column":31},"end":{"line":59,"column":66}},"line":59},"7":{"name":"useTheme","decl":{"start":{"line":66,"column":16},"end":{"line":66,"column":27}},"loc":{"start":{"line":66,"column":27},"end":{"line":74,"column":null}},"line":66}},"branchMap":{"0":{"loc":{"start":{"line":26,"column":4},"end":{"line":26,"column":null}},"type":"if","locations":[{"start":{"line":26,"column":4},"end":{"line":26,"column":null}},{"start":{},"end":{}}],"line":26},"1":{"loc":{"start":{"line":30,"column":4},"end":{"line":30,"column":null}},"type":"if","locations":[{"start":{"line":30,"column":4},"end":{"line":30,"column":null}},{"start":{},"end":{}}],"line":30},"2":{"loc":{"start":{"line":36,"column":11},"end":{"line":36,"column":null}},"type":"cond-expr","locations":[{"start":{"line":36,"column":31},"end":{"line":36,"column":40}},{"start":{"line":36,"column":40},"end":{"line":36,"column":null}}],"line":36},"3":{"loc":{"start":{"line":42,"column":4},"end":{"line":46,"column":null}},"type":"if","locations":[{"start":{"line":42,"column":4},"end":{"line":46,"column":null}},{"start":{"line":44,"column":11},"end":{"line":46,"column":null}}],"line":42},"4":{"loc":{"start":{"line":56,"column":29},"end":{"line":56,"column":64}},"type":"cond-expr","locations":[{"start":{"line":56,"column":47},"end":{"line":56,"column":57}},{"start":{"line":56,"column":57},"end":{"line":56,"column":64}}],"line":56},"5":{"loc":{"start":{"line":69,"column":2},"end":{"line":71,"column":null}},"type":"if","locations":[{"start":{"line":69,"column":2},"end":{"line":71,"column":null}},{"start":{},"end":{}}],"line":69}},"s":{"0":0,"1":0,"2":0,"3":0,"4":0,"5":0,"6":0,"7":0,"8":0,"9":0,"10":0,"11":0,"12":0,"13":0,"14":0,"15":0,"16":0,"17":0,"18":0,"19":0,"20":0,"21":0,"22":0,"23":0,"24":0,"25":0,"26":0},"f":{"0":0,"1":0,"2":0,"3":0,"4":0,"5":0,"6":0,"7":0},"b":{"0":[0,0],"1":[0,0],"2":[0,0],"3":[0,0],"4":[0,0],"5":[0,0]},"meta":{"lastBranch":6,"lastFunction":8,"lastStatement":27,"seen":{"s:18:6:18:Infinity":0,"f:24:16:24:30":0,"s:25:29:37:Infinity":1,"f:25:49:25:55":1,"b:26:4:26:Infinity:undefined:undefined:undefined:undefined":0,"s:26:4:26:Infinity":2,"s:26:39:26:Infinity":3,"s:28:18:28:Infinity":4,"b:30:4:30:Infinity:undefined:undefined:undefined:undefined":1,"s:30:4:30:Infinity":5,"s:30:15:30:Infinity":6,"s:32:30:34:Infinity":7,"s:36:4:36:Infinity":8,"b:36:31:36:40:36:40:36:Infinity":2,"s:39:2:49:Infinity":9,"f:39:12:39:18":2,"s:40:17:40:Infinity":10,"b:42:4:46:Infinity:44:11:46:Infinity":3,"s:42:4:46:Infinity":11,"s:43:6:43:Infinity":12,"s:45:6:45:Infinity":13,"s:48:4:48:Infinity":14,"s:51:19:53:Infinity":15,"f:51:19:51:20":3,"s:52:4:52:Infinity":16,"s:55:22:57:Infinity":17,"f:55:22:55:28":4,"s:56:4:56:Infinity":18,"f:56:18:56:19":5,"s:56:29:56:64":19,"b:56:47:56:57:56:57:56:64":4,"s:59:8:59:Infinity":20,"f:59:24:59:31":6,"s:59:31:59:66":21,"s:61:2:62:Infinity":22,"f:66:16:66:27":7,"s:67:8:67:Infinity":23,"b:69:2:71:Infinity:undefined:undefined:undefined:undefined":5,"s:69:2:71:Infinity":24,"s:70:4:70:Infinity":25,"s:73:2:73:Infinity":26}}}
,"/Users/somya/somu/git-banner/GIT_BANNER_V2/src/hooks/use-mobile.ts": {"path":"/Users/somya/somu/git-banner/GIT_BANNER_V2/src/hooks/use-mobile.ts","statementMap":{"0":{"start":{"line":3,"column":26},"end":{"line":3,"column":null}},"1":{"start":{"line":6,"column":34},"end":{"line":8,"column":null}},"2":{"start":{"line":10,"column":2},"end":{"line":18,"column":null}},"3":{"start":{"line":11,"column":16},"end":{"line":11,"column":null}},"4":{"start":{"line":12,"column":21},"end":{"line":14,"column":null}},"5":{"start":{"line":13,"column":6},"end":{"line":13,"column":null}},"6":{"start":{"line":15,"column":4},"end":{"line":15,"column":null}},"7":{"start":{"line":16,"column":4},"end":{"line":16,"column":null}},"8":{"start":{"line":17,"column":4},"end":{"line":17,"column":null}},"9":{"start":{"line":17,"column":17},"end":{"line":17,"column":null}},"10":{"start":{"line":20,"column":2},"end":{"line":20,"column":null}}},"fnMap":{"0":{"name":"useIsMobile","decl":{"start":{"line":5,"column":16},"end":{"line":5,"column":30}},"loc":{"start":{"line":5,"column":30},"end":{"line":21,"column":null}},"line":5},"1":{"name":"(anonymous_1)","decl":{"start":{"line":10,"column":18},"end":{"line":10,"column":24}},"loc":{"start":{"line":10,"column":24},"end":{"line":18,"column":5}},"line":10},"2":{"name":"(anonymous_2)","decl":{"start":{"line":12,"column":21},"end":{"line":12,"column":27}},"loc":{"start":{"line":12,"column":27},"end":{"line":14,"column":null}},"line":12},"3":{"name":"(anonymous_3)","decl":{"start":{"line":17,"column":11},"end":{"line":17,"column":17}},"loc":{"start":{"line":17,"column":17},"end":{"line":17,"column":null}},"line":17}},"branchMap":{},"s":{"0":0,"1":0,"2":0,"3":0,"4":0,"5":0,"6":0,"7":0,"8":0,"9":0,"10":0},"f":{"0":0,"1":0,"2":0,"3":0},"b":{},"meta":{"lastBranch":0,"lastFunction":4,"lastStatement":11,"seen":{"s:3:26:3:Infinity":0,"f:5:16:5:30":0,"s:6:34:8:Infinity":1,"s:10:2:18:Infinity":2,"f:10:18:10:24":1,"s:11:16:11:Infinity":3,"s:12:21:14:Infinity":4,"f:12:21:12:27":2,"s:13:6:13:Infinity":5,"s:15:4:15:Infinity":6,"s:16:4:16:Infinity":7,"s:17:4:17:Infinity":8,"f:17:11:17:17":3,"s:17:17:17:Infinity":9,"s:20:2:20:Infinity":10}}}
,"/Users/somya/somu/git-banner/GIT_BANNER_V2/src/hooks/useBanner.ts": {"path":"/Users/somya/somu/git-banner/GIT_BANNER_V2/src/hooks/useBanner.ts","statementMap":{"0":{"start":{"line":12,"column":56},"end":{"line":16,"column":null}},"1":{"start":{"line":34,"column":44},"end":{"line":34,"column":null}},"2":{"start":{"line":35,"column":21},"end":{"line":35,"column":null}},"3":{"start":{"line":37,"column":8},"end":{"line":40,"column":null}},"4":{"start":{"line":38,"column":21},"end":{"line":38,"column":null}},"5":{"start":{"line":39,"column":4},"end":{"line":39,"column":null}},"6":{"start":{"line":42,"column":8},"end":{"line":50,"column":null}},"7":{"start":{"line":43,"column":4},"end":{"line":43,"column":null}},"8":{"start":{"line":43,"column":19},"end":{"line":43,"column":null}},"9":{"start":{"line":44,"column":4},"end":{"line":49,"column":null}},"10":{"start":{"line":52,"column":8},"end":{"line":55,"column":null}},"11":{"start":{"line":53,"column":4},"end":{"line":53,"column":null}},"12":{"start":{"line":53,"column":17},"end":{"line":53,"column":null}},"13":{"start":{"line":54,"column":4},"end":{"line":54,"column":null}},"14":{"start":{"line":57,"column":2},"end":{"line":57,"column":null}}},"fnMap":{"0":{"name":"useBanner","decl":{"start":{"line":33,"column":16},"end":{"line":33,"column":45}},"loc":{"start":{"line":33,"column":45},"end":{"line":58,"column":null}},"line":33},"1":{"name":"(anonymous_1)","decl":{"start":{"line":37,"column":41},"end":{"line":37,"column":47}},"loc":{"start":{"line":37,"column":47},"end":{"line":40,"column":5}},"line":37},"2":{"name":"(anonymous_2)","decl":{"start":{"line":42,"column":46},"end":{"line":42,"column":52}},"loc":{"start":{"line":42,"column":52},"end":{"line":50,"column":5}},"line":42},"3":{"name":"(anonymous_3)","decl":{"start":{"line":52,"column":28},"end":{"line":52,"column":34}},"loc":{"start":{"line":52,"column":34},"end":{"line":55,"column":5}},"line":52}},"branchMap":{"0":{"loc":{"start":{"line":38,"column":21},"end":{"line":38,"column":null}},"type":"binary-expr","locations":[{"start":{"line":38,"column":21},"end":{"line":38,"column":49}},{"start":{"line":38,"column":49},"end":{"line":38,"column":null}}],"line":38},"1":{"loc":{"start":{"line":39,"column":11},"end":{"line":39,"column":null}},"type":"binary-expr","locations":[{"start":{"line":39,"column":11},"end":{"line":39,"column":41}},{"start":{"line":39,"column":41},"end":{"line":39,"column":null}}],"line":39},"2":{"loc":{"start":{"line":43,"column":4},"end":{"line":43,"column":null}},"type":"if","locations":[{"start":{"line":43,"column":4},"end":{"line":43,"column":null}},{"start":{},"end":{}}],"line":43},"3":{"loc":{"start":{"line":53,"column":4},"end":{"line":53,"column":null}},"type":"if","locations":[{"start":{"line":53,"column":4},"end":{"line":53,"column":null}},{"start":{},"end":{}}],"line":53}},"s":{"0":1,"1":9,"2":9,"3":9,"4":9,"5":9,"6":9,"7":9,"8":1,"9":8,"10":9,"11":9,"12":1,"13":8,"14":9},"f":{"0":9,"1":9,"2":9,"3":9},"b":{"0":[9,0],"1":[9,1],"2":[1,8],"3":[1,8]},"meta":{"lastBranch":4,"lastFunction":4,"lastStatement":15,"seen":{"s:12:56:16:Infinity":0,"f:33:16:33:45":0,"s:34:44:34:Infinity":1,"s:35:21:35:Infinity":2,"s:37:8:40:Infinity":3,"f:37:41:37:47":1,"s:38:21:38:Infinity":4,"b:38:21:38:49:38:49:38:Infinity":0,"s:39:4:39:Infinity":5,"b:39:11:39:41:39:41:39:Infinity":1,"s:42:8:50:Infinity":6,"f:42:46:42:52":2,"b:43:4:43:Infinity:undefined:undefined:undefined:undefined":2,"s:43:4:43:Infinity":7,"s:43:19:43:Infinity":8,"s:44:4:49:Infinity":9,"s:52:8:55:Infinity":10,"f:52:28:52:34":3,"b:53:4:53:Infinity:undefined:undefined:undefined:undefined":3,"s:53:4:53:Infinity":11,"s:53:17:53:Infinity":12,"s:54:4:54:Infinity":13,"s:57:2:57:Infinity":14}}}
,"/Users/somya/somu/git-banner/GIT_BANNER_V2/src/icons/HeaderIcons/index.tsx": {"path":"/Users/somya/somu/git-banner/GIT_BANNER_V2/src/icons/HeaderIcons/index.tsx","statementMap":{"0":{"start":{"line":3,"column":23},"end":{"line":76,"column":null}},"1":{"start":{"line":12,"column":2},"end":{"line":75,"column":null}}},"fnMap":{"0":{"name":"(anonymous_0)","decl":{"start":{"line":3,"column":23},"end":{"line":3,"column":24}},"loc":{"start":{"line":11,"column":6},"end":{"line":76,"column":null}},"line":11}},"branchMap":{"0":{"loc":{"start":{"line":17,"column":14},"end":{"line":17,"column":null}},"type":"binary-expr","locations":[{"start":{"line":17,"column":14},"end":{"line":17,"column":27}},{"start":{"line":17,"column":27},"end":{"line":17,"column":null}}],"line":17},"1":{"loc":{"start":{"line":23,"column":14},"end":{"line":23,"column":null}},"type":"binary-expr","locations":[{"start":{"line":23,"column":14},"end":{"line":23,"column":27}},{"start":{"line":23,"column":27},"end":{"line":23,"column":null}}],"line":23},"2":{"loc":{"start":{"line":29,"column":14},"end":{"line":29,"column":null}},"type":"binary-expr","locations":[{"start":{"line":29,"column":14},"end":{"line":29,"column":27}},{"start":{"line":29,"column":27},"end":{"line":29,"column":null}}],"line":29},"3":{"loc":{"start":{"line":35,"column":14},"end":{"line":35,"column":null}},"type":"binary-expr","locations":[{"start":{"line":35,"column":14},"end":{"line":35,"column":27}},{"start":{"line":35,"column":27},"end":{"line":35,"column":null}}],"line":35},"4":{"loc":{"start":{"line":41,"column":14},"end":{"line":41,"column":null}},"type":"binary-expr","locations":[{"start":{"line":41,"column":14},"end":{"line":41,"column":27}},{"start":{"line":41,"column":27},"end":{"line":41,"column":null}}],"line":41},"5":{"loc":{"start":{"line":47,"column":14},"end":{"line":47,"column":null}},"type":"binary-expr","locations":[{"start":{"line":47,"column":14},"end":{"line":47,"column":27}},{"start":{"line":47,"column":27},"end":{"line":47,"column":null}}],"line":47},"6":{"loc":{"start":{"line":53,"column":14},"end":{"line":53,"column":null}},"type":"binary-expr","locations":[{"start":{"line":53,"column":14},"end":{"line":53,"column":27}},{"start":{"line":53,"column":27},"end":{"line":53,"column":null}}],"line":53},"7":{"loc":{"start":{"line":59,"column":14},"end":{"line":59,"column":null}},"type":"binary-expr","locations":[{"start":{"line":59,"column":14},"end":{"line":59,"column":27}},{"start":{"line":59,"column":27},"end":{"line":59,"column":null}}],"line":59},"8":{"loc":{"start":{"line":65,"column":14},"end":{"line":65,"column":null}},"type":"binary-expr","locations":[{"start":{"line":65,"column":14},"end":{"line":65,"column":27}},{"start":{"line":65,"column":27},"end":{"line":65,"column":null}}],"line":65},"9":{"loc":{"start":{"line":70,"column":13},"end":{"line":70,"column":null}},"type":"binary-expr","locations":[{"start":{"line":70,"column":13},"end":{"line":70,"column":22}},{"start":{"line":70,"column":22},"end":{"line":70,"column":null}}],"line":70},"10":{"loc":{"start":{"line":71,"column":14},"end":{"line":71,"column":null}},"type":"binary-expr","locations":[{"start":{"line":71,"column":14},"end":{"line":71,"column":24}},{"start":{"line":71,"column":24},"end":{"line":71,"column":null}}],"line":71}},"s":{"0":0,"1":0},"f":{"0":0},"b":{"0":[0,0],"1":[0,0],"2":[0,0],"3":[0,0],"4":[0,0],"5":[0,0],"6":[0,0],"7":[0,0],"8":[0,0],"9":[0,0],"10":[0,0]},"meta":{"lastBranch":11,"lastFunction":1,"lastStatement":2,"seen":{"s:3:23:76:Infinity":0,"f:3:23:3:24":0,"s:12:2:75:Infinity":1,"b:17:14:17:27:17:27:17:Infinity":0,"b:23:14:23:27:23:27:23:Infinity":1,"b:29:14:29:27:29:27:29:Infinity":2,"b:35:14:35:27:35:27:35:Infinity":3,"b:41:14:41:27:41:27:41:Infinity":4,"b:47:14:47:27:47:27:47:Infinity":5,"b:53:14:53:27:53:27:53:Infinity":6,"b:59:14:59:27:59:27:59:Infinity":7,"b:65:14:65:27:65:27:65:Infinity":8,"b:70:13:70:22:70:22:70:Infinity":9,"b:71:14:71:24:71:24:71:Infinity":10}}}
,"/Users/somya/somu/git-banner/GIT_BANNER_V2/src/layout/DashBoardLayout.tsx": {"path":"/Users/somya/somu/git-banner/GIT_BANNER_V2/src/layout/DashBoardLayout.tsx","statementMap":{"0":{"start":{"line":6,"column":24},"end":{"line":15,"column":null}},"1":{"start":{"line":7,"column":2},"end":{"line":13,"column":null}}},"fnMap":{"0":{"name":"(anonymous_0)","decl":{"start":{"line":6,"column":24},"end":{"line":6,"column":25}},"loc":{"start":{"line":6,"column":73},"end":{"line":15,"column":null}},"line":6}},"branchMap":{},"s":{"0":0,"1":0},"f":{"0":0},"b":{},"meta":{"lastBranch":0,"lastFunction":1,"lastStatement":2,"seen":{"s:6:24:15:Infinity":0,"f:6:24:6:25":0,"s:7:2:13:Infinity":1}}}
,"/Users/somya/somu/git-banner/GIT_BANNER_V2/src/lib/utils.ts": {"path":"/Users/somya/somu/git-banner/GIT_BANNER_V2/src/lib/utils.ts","statementMap":{"0":{"start":{"line":5,"column":2},"end":{"line":5,"column":null}}},"fnMap":{"0":{"name":"cn","decl":{"start":{"line":4,"column":16},"end":{"line":4,"column":22}},"loc":{"start":{"line":4,"column":44},"end":{"line":6,"column":null}},"line":4}},"branchMap":{},"s":{"0":644},"f":{"0":644},"b":{},"meta":{"lastBranch":0,"lastFunction":1,"lastStatement":1,"seen":{"f:4:16:4:22":0,"s:5:2:5:Infinity":0}}}
,"/Users/somya/somu/git-banner/GIT_BANNER_V2/src/pages/DashBoard.tsx": {"path":"/Users/somya/somu/git-banner/GIT_BANNER_V2/src/pages/DashBoard.tsx","statementMap":{"0":{"start":{"line":8,"column":18},"end":{"line":24,"column":null}},"1":{"start":{"line":10,"column":36},"end":{"line":12,"column":null}},"2":{"start":{"line":14,"column":2},"end":{"line":22,"column":null}}},"fnMap":{"0":{"name":"(anonymous_0)","decl":{"start":{"line":8,"column":18},"end":{"line":8,"column":24}},"loc":{"start":{"line":8,"column":24},"end":{"line":24,"column":null}},"line":8}},"branchMap":{},"s":{"0":0,"1":0,"2":0},"f":{"0":0},"b":{},"meta":{"lastBranch":0,"lastFunction":1,"lastStatement":3,"seen":{"s:8:18:24:Infinity":0,"f:8:18:8:24":0,"s:10:36:12:Infinity":1,"s:14:2:22:Infinity":2}}}
,"/Users/somya/somu/git-banner/GIT_BANNER_V2/src/pages/Home.tsx": {"path":"/Users/somya/somu/git-banner/GIT_BANNER_V2/src/pages/Home.tsx","statementMap":{"0":{"start":{"line":7,"column":13},"end":{"line":71,"column":null}},"1":{"start":{"line":8,"column":16},"end":{"line":8,"column":null}},"2":{"start":{"line":10,"column":2},"end":{"line":69,"column":null}},"3":{"start":{"line":52,"column":16},"end":{"line":59,"column":null}}},"fnMap":{"0":{"name":"(anonymous_0)","decl":{"start":{"line":7,"column":13},"end":{"line":7,"column":19}},"loc":{"start":{"line":7,"column":19},"end":{"line":71,"column":null}},"line":7},"1":{"name":"(anonymous_1)","decl":{"start":{"line":51,"column":14},"end":{"line":51,"column":15}},"loc":{"start":{"line":52,"column":16},"end":{"line":59,"column":null}},"line":52}},"branchMap":{"0":{"loc":{"start":{"line":48,"column":9},"end":{"line":66,"column":null}},"type":"cond-expr","locations":[{"start":{"line":49,"column":10},"end":{"line":62,"column":null}},{"start":{"line":64,"column":10},"end":{"line":66,"column":null}}],"line":48}},"s":{"0":0,"1":0,"2":0,"3":0},"f":{"0":0,"1":0},"b":{"0":[0,0]},"meta":{"lastBranch":1,"lastFunction":2,"lastStatement":4,"seen":{"s:7:13:71:Infinity":0,"f:7:13:7:19":0,"s:8:16:8:Infinity":1,"s:10:2:69:Infinity":2,"b:49:10:62:Infinity:64:10:66:Infinity":0,"f:51:14:51:15":1,"s:52:16:59:Infinity":3}}}
,"/Users/somya/somu/git-banner/GIT_BANNER_V2/src/pages/NotFound.tsx": {"path":"/Users/somya/somu/git-banner/GIT_BANNER_V2/src/pages/NotFound.tsx","statementMap":{"0":{"start":{"line":4,"column":17},"end":{"line":17,"column":null}},"1":{"start":{"line":5,"column":2},"end":{"line":15,"column":null}}},"fnMap":{"0":{"name":"(anonymous_0)","decl":{"start":{"line":4,"column":17},"end":{"line":4,"column":23}},"loc":{"start":{"line":4,"column":23},"end":{"line":17,"column":null}},"line":4}},"branchMap":{},"s":{"0":0,"1":0},"f":{"0":0},"b":{},"meta":{"lastBranch":0,"lastFunction":1,"lastStatement":2,"seen":{"s:4:17:17:Infinity":0,"f:4:17:4:23":0,"s:5:2:15:Infinity":1}}}
,"/Users/somya/somu/git-banner/GIT_BANNER_V2/src/routes/index.ts": {"path":"/Users/somya/somu/git-banner/GIT_BANNER_V2/src/routes/index.ts","statementMap":{"0":{"start":{"line":2,"column":16},"end":{"line":2,"column":19}},"1":{"start":{"line":3,"column":21},"end":{"line":3,"column":28}}},"fnMap":{},"branchMap":{},"s":{"0":1,"1":1},"f":{},"b":{},"meta":{"lastBranch":0,"lastFunction":0,"lastStatement":2,"seen":{"s:2:16:2:19":0,"s:3:21:3:28":1}}}
,"/Users/somya/somu/git-banner/GIT_BANNER_V2/src/types/cards.ts": {"path":"/Users/somya/somu/git-banner/GIT_BANNER_V2/src/types/cards.ts","statementMap":{"0":{"start":{"line":11,"column":25},"end":{"line":15,"column":null}}},"fnMap":{},"branchMap":{},"s":{"0":1},"f":{},"b":{},"meta":{"lastBranch":0,"lastFunction":0,"lastStatement":1,"seen":{"s:11:25:15:Infinity":0}}}
,"/Users/somya/somu/git-banner/GIT_BANNER_V2/src/utils/constants.ts": {"path":"/Users/somya/somu/git-banner/GIT_BANNER_V2/src/utils/constants.ts","statementMap":{"0":{"start":{"line":1,"column":32},"end":{"line":1,"column":null}},"1":{"start":{"line":12,"column":64},"end":{"line":25,"column":null}},"2":{"start":{"line":33,"column":46},"end":{"line":70,"column":null}}},"fnMap":{},"branchMap":{},"s":{"0":3,"1":3,"2":3},"f":{},"b":{},"meta":{"lastBranch":0,"lastFunction":0,"lastStatement":3,"seen":{"s:1:32:1:Infinity":0,"s:12:64:25:Infinity":1,"s:33:46:70:Infinity":2}}}
,"/Users/somya/somu/git-banner/GIT_BANNER_V2/src/utils/createCustomAppBtn.tsx": {"path":"/Users/somya/somu/git-banner/GIT_BANNER_V2/src/utils/createCustomAppBtn.tsx","statementMap":{"0":{"start":{"line":3,"column":25},"end":{"line":20,"column":null}},"1":{"start":{"line":10,"column":2},"end":{"line":18,"column":null}}},"fnMap":{"0":{"name":"(anonymous_0)","decl":{"start":{"line":3,"column":25},"end":{"line":3,"column":26}},"loc":{"start":{"line":9,"column":6},"end":{"line":20,"column":null}},"line":9}},"branchMap":{},"s":{"0":0,"1":0},"f":{"0":0},"b":{},"meta":{"lastBranch":0,"lastFunction":1,"lastStatement":2,"seen":{"s:3:25:20:Infinity":0,"f:3:25:3:26":0,"s:10:2:18:Infinity":1}}}
,"/Users/somya/somu/git-banner/GIT_BANNER_V2/src/utils/createIcon.tsx": {"path":"/Users/somya/somu/git-banner/GIT_BANNER_V2/src/utils/createIcon.tsx","statementMap":{"0":{"start":{"line":8,"column":26},"end":{"line":22,"column":null}},"1":{"start":{"line":9,"column":43},"end":{"line":9,"column":null}},"2":{"start":{"line":10,"column":2},"end":{"line":20,"column":null}}},"fnMap":{"0":{"name":"(anonymous_0)","decl":{"start":{"line":8,"column":26},"end":{"line":8,"column":27}},"loc":{"start":{"line":8,"column":71},"end":{"line":22,"column":null}},"line":8}},"branchMap":{"0":{"loc":{"start":{"line":14,"column":15},"end":{"line":14,"column":null}},"type":"binary-expr","locations":[{"start":{"line":14,"column":15},"end":{"line":14,"column":26}},{"start":{"line":14,"column":26},"end":{"line":14,"column":null}}],"line":14},"1":{"loc":{"start":{"line":19,"column":7},"end":{"line":19,"column":null}},"type":"cond-expr","locations":[{"start":{"line":19,"column":31},"end":{"line":19,"column":68}},{"start":{"line":19,"column":68},"end":{"line":19,"column":null}}],"line":19}},"s":{"0":0,"1":0,"2":0},"f":{"0":0},"b":{"0":[0,0],"1":[0,0]},"meta":{"lastBranch":2,"lastFunction":1,"lastStatement":3,"seen":{"s:8:26:22:Infinity":0,"f:8:26:8:27":0,"s:9:43:9:Infinity":1,"s:10:2:20:Infinity":2,"b:14:15:14:26:14:26:14:Infinity":0,"b:19:31:19:68:19:68:19:Infinity":1}}}
,"/Users/somya/somu/git-banner/GIT_BANNER_V2/src/utils/gitBannerHomepageMetaForCards.ts": {"path":"/Users/somya/somu/git-banner/GIT_BANNER_V2/src/utils/gitBannerHomepageMetaForCards.ts","statementMap":{"0":{"start":{"line":4,"column":74},"end":{"line":33,"column":null}}},"fnMap":{},"branchMap":{},"s":{"0":0},"f":{},"b":{},"meta":{"lastBranch":0,"lastFunction":0,"lastStatement":1,"seen":{"s:4:74:33:Infinity":0}}}
,"/Users/somya/somu/git-banner/GIT_BANNER_V2/src/utils/localStorage.ts": {"path":"/Users/somya/somu/git-banner/GIT_BANNER_V2/src/utils/localStorage.ts","statementMap":{"0":{"start":{"line":6,"column":18},"end":{"line":6,"column":null}},"1":{"start":{"line":7,"column":20},"end":{"line":7,"column":null}},"2":{"start":{"line":9,"column":23},"end":{"line":69,"column":null}},"3":{"start":{"line":11,"column":4},"end":{"line":11,"column":null}},"4":{"start":{"line":11,"column":20},"end":{"line":11,"column":null}},"5":{"start":{"line":13,"column":4},"end":{"line":27,"column":null}},"6":{"start":{"line":14,"column":19},"end":{"line":14,"column":null}},"7":{"start":{"line":15,"column":6},"end":{"line":15,"column":null}},"8":{"start":{"line":15,"column":17},"end":{"line":15,"column":null}},"9":{"start":{"line":17,"column":37},"end":{"line":17,"column":null}},"10":{"start":{"line":19,"column":6},"end":{"line":22,"column":null}},"11":{"start":{"line":20,"column":8},"end":{"line":20,"column":null}},"12":{"start":{"line":21,"column":8},"end":{"line":21,"column":null}},"13":{"start":{"line":24,"column":6},"end":{"line":24,"column":null}},"14":{"start":{"line":26,"column":6},"end":{"line":26,"column":null}},"15":{"start":{"line":31,"column":4},"end":{"line":31,"column":null}},"16":{"start":{"line":31,"column":20},"end":{"line":31,"column":null}},"17":{"start":{"line":33,"column":4},"end":{"line":42,"column":null}},"18":{"start":{"line":34,"column":35},"end":{"line":37,"column":null}},"19":{"start":{"line":39,"column":6},"end":{"line":39,"column":null}},"20":{"start":{"line":41,"column":6},"end":{"line":41,"column":null}},"21":{"start":{"line":46,"column":4},"end":{"line":46,"column":null}},"22":{"start":{"line":46,"column":20},"end":{"line":46,"column":null}},"23":{"start":{"line":47,"column":4},"end":{"line":47,"column":null}},"24":{"start":{"line":51,"column":4},"end":{"line":51,"column":null}},"25":{"start":{"line":51,"column":20},"end":{"line":51,"column":null}},"26":{"start":{"line":52,"column":4},"end":{"line":52,"column":null}},"27":{"start":{"line":56,"column":4},"end":{"line":56,"column":null}},"28":{"start":{"line":56,"column":20},"end":{"line":56,"column":null}},"29":{"start":{"line":57,"column":4},"end":{"line":57,"column":null}},"30":{"start":{"line":61,"column":4},"end":{"line":61,"column":null}},"31":{"start":{"line":61,"column":20},"end":{"line":61,"column":null}},"32":{"start":{"line":62,"column":4},"end":{"line":62,"column":null}},"33":{"start":{"line":66,"column":4},"end":{"line":66,"column":null}},"34":{"start":{"line":66,"column":20},"end":{"line":66,"column":null}},"35":{"start":{"line":67,"column":4},"end":{"line":67,"column":null}}},"fnMap":{"0":{"name":"(anonymous_0)","decl":{"start":{"line":10,"column":2},"end":{"line":10,"column":9}},"loc":{"start":{"line":10,"column":42},"end":{"line":28,"column":null}},"line":10},"1":{"name":"(anonymous_1)","decl":{"start":{"line":30,"column":2},"end":{"line":30,"column":9}},"loc":{"start":{"line":30,"column":59},"end":{"line":43,"column":null}},"line":30},"2":{"name":"(anonymous_2)","decl":{"start":{"line":45,"column":2},"end":{"line":45,"column":9}},"loc":{"start":{"line":45,"column":37},"end":{"line":48,"column":null}},"line":45},"3":{"name":"(anonymous_3)","decl":{"start":{"line":50,"column":2},"end":{"line":50,"column":9}},"loc":{"start":{"line":50,"column":37},"end":{"line":53,"column":null}},"line":50},"4":{"name":"(anonymous_4)","decl":{"start":{"line":55,"column":2},"end":{"line":55,"column":6}},"loc":{"start":{"line":55,"column":28},"end":{"line":58,"column":null}},"line":55},"5":{"name":"(anonymous_5)","decl":{"start":{"line":60,"column":2},"end":{"line":60,"column":9}},"loc":{"start":{"line":60,"column":22},"end":{"line":63,"column":null}},"line":60},"6":{"name":"(anonymous_6)","decl":{"start":{"line":65,"column":2},"end":{"line":65,"column":10}},"loc":{"start":{"line":65,"column":10},"end":{"line":68,"column":null}},"line":65}},"branchMap":{"0":{"loc":{"start":{"line":11,"column":4},"end":{"line":11,"column":null}},"type":"if","locations":[{"start":{"line":11,"column":4},"end":{"line":11,"column":null}},{"start":{},"end":{}}],"line":11},"1":{"loc":{"start":{"line":15,"column":6},"end":{"line":15,"column":null}},"type":"if","locations":[{"start":{"line":15,"column":6},"end":{"line":15,"column":null}},{"start":{},"end":{}}],"line":15},"2":{"loc":{"start":{"line":19,"column":6},"end":{"line":22,"column":null}},"type":"if","locations":[{"start":{"line":19,"column":6},"end":{"line":22,"column":null}},{"start":{},"end":{}}],"line":19},"3":{"loc":{"start":{"line":19,"column":10},"end":{"line":19,"column":55}},"type":"binary-expr","locations":[{"start":{"line":19,"column":10},"end":{"line":19,"column":27}},{"start":{"line":19,"column":27},"end":{"line":19,"column":55}}],"line":19},"4":{"loc":{"start":{"line":30,"column":32},"end":{"line":30,"column":59}},"type":"default-arg","locations":[{"start":{"line":30,"column":46},"end":{"line":30,"column":59}}],"line":30},"5":{"loc":{"start":{"line":31,"column":4},"end":{"line":31,"column":null}},"type":"if","locations":[{"start":{"line":31,"column":4},"end":{"line":31,"column":null}},{"start":{},"end":{}}],"line":31},"6":{"loc":{"start":{"line":36,"column":16},"end":{"line":36,"column":null}},"type":"cond-expr","locations":[{"start":{"line":36,"column":22},"end":{"line":36,"column":41}},{"start":{"line":36,"column":41},"end":{"line":36,"column":null}}],"line":36},"7":{"loc":{"start":{"line":46,"column":4},"end":{"line":46,"column":null}},"type":"if","locations":[{"start":{"line":46,"column":4},"end":{"line":46,"column":null}},{"start":{},"end":{}}],"line":46},"8":{"loc":{"start":{"line":51,"column":4},"end":{"line":51,"column":null}},"type":"if","locations":[{"start":{"line":51,"column":4},"end":{"line":51,"column":null}},{"start":{},"end":{}}],"line":51},"9":{"loc":{"start":{"line":56,"column":4},"end":{"line":56,"column":null}},"type":"if","locations":[{"start":{"line":56,"column":4},"end":{"line":56,"column":null}},{"start":{},"end":{}}],"line":56},"10":{"loc":{"start":{"line":61,"column":4},"end":{"line":61,"column":null}},"type":"if","locations":[{"start":{"line":61,"column":4},"end":{"line":61,"column":null}},{"start":{},"end":{}}],"line":61},"11":{"loc":{"start":{"line":66,"column":4},"end":{"line":66,"column":null}},"type":"if","locations":[{"start":{"line":66,"column":4},"end":{"line":66,"column":null}},{"start":{},"end":{}}],"line":66}},"s":{"0":4,"1":4,"2":4,"3":45,"4":0,"5":45,"6":45,"7":45,"8":26,"9":19,"10":19,"11":2,"12":2,"13":16,"14":1,"15":25,"16":0,"17":25,"18":25,"19":25,"20":0,"21":2,"22":0,"23":2,"24":1,"25":0,"26":1,"27":2,"28":0,"29":2,"30":2,"31":0,"32":2,"33":1,"34":0,"35":1},"f":{"0":45,"1":25,"2":2,"3":1,"4":2,"5":2,"6":1},"b":{"0":[0,45],"1":[26,19],"2":[2,17],"3":[19,18],"4":[25],"5":[0,25],"6":[25,0],"7":[0,2],"8":[0,1],"9":[0,2],"10":[0,2],"11":[0,1]},"meta":{"lastBranch":12,"lastFunction":7,"lastStatement":36,"seen":{"s:6:18:6:Infinity":0,"s:7:20:7:Infinity":1,"s:9:23:69:Infinity":2,"f:10:2:10:9":0,"b:11:4:11:Infinity:undefined:undefined:undefined:undefined":0,"s:11:4:11:Infinity":3,"s:11:20:11:Infinity":4,"s:13:4:27:Infinity":5,"s:14:19:14:Infinity":6,"b:15:6:15:Infinity:undefined:undefined:undefined:undefined":1,"s:15:6:15:Infinity":7,"s:15:17:15:Infinity":8,"s:17:37:17:Infinity":9,"b:19:6:22:Infinity:undefined:undefined:undefined:undefined":2,"s:19:6:22:Infinity":10,"b:19:10:19:27:19:27:19:55":3,"s:20:8:20:Infinity":11,"s:21:8:21:Infinity":12,"s:24:6:24:Infinity":13,"s:26:6:26:Infinity":14,"f:30:2:30:9":1,"b:30:46:30:59":4,"b:31:4:31:Infinity:undefined:undefined:undefined:undefined":5,"s:31:4:31:Infinity":15,"s:31:20:31:Infinity":16,"s:33:4:42:Infinity":17,"s:34:35:37:Infinity":18,"b:36:22:36:41:36:41:36:Infinity":6,"s:39:6:39:Infinity":19,"s:41:6:41:Infinity":20,"f:45:2:45:9":2,"b:46:4:46:Infinity:undefined:undefined:undefined:undefined":7,"s:46:4:46:Infinity":21,"s:46:20:46:Infinity":22,"s:47:4:47:Infinity":23,"f:50:2:50:9":3,"b:51:4:51:Infinity:undefined:undefined:undefined:undefined":8,"s:51:4:51:Infinity":24,"s:51:20:51:Infinity":25,"s:52:4:52:Infinity":26,"f:55:2:55:6":4,"b:56:4:56:Infinity:undefined:undefined:undefined:undefined":9,"s:56:4:56:Infinity":27,"s:56:20:56:Infinity":28,"s:57:4:57:Infinity":29,"f:60:2:60:9":5,"b:61:4:61:Infinity:undefined:undefined:undefined:undefined":10,"s:61:4:61:Infinity":30,"s:61:20:61:Infinity":31,"s:62:4:62:Infinity":32,"f:65:2:65:10":6,"b:66:4:66:Infinity:undefined:undefined:undefined:undefined":11,"s:66:4:66:Infinity":33,"s:66:20:66:Infinity":34,"s:67:4:67:Infinity":35}}}
,"/Users/somya/somu/git-banner/GIT_BANNER_V2/src/utils/svgColors.ts": {"path":"/Users/somya/somu/git-banner/GIT_BANNER_V2/src/utils/svgColors.ts","statementMap":{"0":{"start":{"line":8,"column":35},"end":{"line":14,"column":null}},"1":{"start":{"line":16,"column":36},"end":{"line":22,"column":null}},"2":{"start":{"line":34,"column":4},"end":{"line":34,"column":null}},"3":{"start":{"line":36,"column":15},"end":{"line":36,"column":null}},"4":{"start":{"line":38,"column":2},"end":{"line":43,"column":null}},"5":{"start":{"line":39,"column":16},"end":{"line":39,"column":null}},"6":{"start":{"line":40,"column":4},"end":{"line":42,"column":null}},"7":{"start":{"line":41,"column":6},"end":{"line":41,"column":null}},"8":{"start":{"line":45,"column":2},"end":{"line":45,"column":null}},"9":{"start":{"line":57,"column":27},"end":{"line":57,"column":null}},"10":{"start":{"line":58,"column":28},"end":{"line":58,"column":null}},"11":{"start":{"line":72,"column":14},"end":{"line":72,"column":null}},"12":{"start":{"line":73,"column":14},"end":{"line":73,"column":null}},"13":{"start":{"line":75,"column":2},"end":{"line":75,"column":null}},"14":{"start":{"line":75,"column":27},"end":{"line":75,"column":null}},"15":{"start":{"line":77,"column":2},"end":{"line":77,"column":null}}},"fnMap":{"0":{"name":"applyPaletteToContribSvg","decl":{"start":{"line":28,"column":16},"end":{"line":28,"column":null}},"loc":{"start":{"line":32,"column":10},"end":{"line":46,"column":null}},"line":32},"1":{"name":"(anonymous_1)","decl":{"start":{"line":38,"column":17},"end":{"line":38,"column":18}},"loc":{"start":{"line":38,"column":29},"end":{"line":43,"column":3}},"line":38},"2":{"name":"applyPaletteToStatsSvg","decl":{"start":{"line":67,"column":16},"end":{"line":67,"column":null}},"loc":{"start":{"line":71,"column":10},"end":{"line":78,"column":null}},"line":71}},"branchMap":{"0":{"loc":{"start":{"line":34,"column":4},"end":{"line":34,"column":null}},"type":"cond-expr","locations":[{"start":{"line":34,"column":29},"end":{"line":34,"column":51}},{"start":{"line":34,"column":51},"end":{"line":34,"column":null}}],"line":34},"1":{"loc":{"start":{"line":40,"column":4},"end":{"line":42,"column":null}},"type":"if","locations":[{"start":{"line":40,"column":4},"end":{"line":42,"column":null}},{"start":{},"end":{}}],"line":40},"2":{"loc":{"start":{"line":40,"column":8},"end":{"line":40,"column":28}},"type":"binary-expr","locations":[{"start":{"line":40,"column":8},"end":{"line":40,"column":15}},{"start":{"line":40,"column":15},"end":{"line":40,"column":28}}],"line":40},"3":{"loc":{"start":{"line":72,"column":14},"end":{"line":72,"column":null}},"type":"cond-expr","locations":[{"start":{"line":72,"column":39},"end":{"line":72,"column":60}},{"start":{"line":72,"column":60},"end":{"line":72,"column":null}}],"line":72},"4":{"loc":{"start":{"line":75,"column":2},"end":{"line":75,"column":null}},"type":"if","locations":[{"start":{"line":75,"column":2},"end":{"line":75,"column":null}},{"start":{},"end":{}}],"line":75},"5":{"loc":{"start":{"line":75,"column":6},"end":{"line":75,"column":27}},"type":"binary-expr","locations":[{"start":{"line":75,"column":6},"end":{"line":75,"column":14}},{"start":{"line":75,"column":14},"end":{"line":75,"column":27}}],"line":75}},"s":{"0":1,"1":1,"2":7,"3":7,"4":7,"5":35,"6":35,"7":30,"8":7,"9":1,"10":1,"11":7,"12":7,"13":7,"14":1,"15":6},"f":{"0":7,"1":35,"2":7},"b":{"0":[5,2],"1":[30,5],"2":[35,35],"3":[5,2],"4":[1,6],"5":[7,7]},"meta":{"lastBranch":6,"lastFunction":3,"lastStatement":16,"seen":{"s:8:35:14:Infinity":0,"s:16:36:22:Infinity":1,"f:28:16:28:Infinity":0,"s:34:4:34:Infinity":2,"b:34:29:34:51:34:51:34:Infinity":0,"s:36:15:36:Infinity":3,"s:38:2:43:Infinity":4,"f:38:17:38:18":1,"s:39:16:39:Infinity":5,"b:40:4:42:Infinity:undefined:undefined:undefined:undefined":1,"s:40:4:42:Infinity":6,"b:40:8:40:15:40:15:40:28":2,"s:41:6:41:Infinity":7,"s:45:2:45:Infinity":8,"s:57:27:57:Infinity":9,"s:58:28:58:Infinity":10,"f:67:16:67:Infinity":2,"s:72:14:72:Infinity":11,"b:72:39:72:60:72:60:72:Infinity":3,"s:73:14:73:Infinity":12,"b:75:2:75:Infinity:undefined:undefined:undefined:undefined":4,"s:75:2:75:Infinity":13,"b:75:6:75:14:75:14:75:27":5,"s:75:27:75:Infinity":14,"s:77:2:77:Infinity":15}}}
}
